{"/Users/gaheeyoon/Dropbox/YOONGAHEE/위키북스/99_리액트 입문/07_예제/samples_ko/data/my-react/src/App.js": {"path":"/Users/gaheeyoon/Dropbox/YOONGAHEE/위키북스/99_리액트 입문/07_예제/samples_ko/data/my-react/src/App.js","statementMap":{"0":{"start":{"line":8,"column":2},"end":{"line":25,"column":4}}},"fnMap":{"0":{"name":"App","decl":{"start":{"line":6,"column":9},"end":{"line":6,"column":12}},"loc":{"start":{"line":6,"column":15},"end":{"line":26,"column":1}},"line":6}},"branchMap":{},"s":{"0":1},"f":{"0":1},"b":{},"_coverageSchema":"1a1c01bbd47fc00a2c39e90264f33305004495a9","hash":"bfc5e1727ff1ce8b4bcae4c4b79183ed8402c412"}
,"/Users/gaheeyoon/Dropbox/YOONGAHEE/위키북스/99_리액트 입문/07_예제/samples_ko/data/my-react/src/AppClass.js": {"path":"/Users/gaheeyoon/Dropbox/YOONGAHEE/위키북스/99_리액트 입문/07_예제/samples_ko/data/my-react/src/AppClass.js","statementMap":{"0":{"start":{"line":9,"column":4},"end":{"line":26,"column":6}}},"fnMap":{"0":{"name":"(anonymous_0)","decl":{"start":{"line":8,"column":2},"end":{"line":8,"column":3}},"loc":{"start":{"line":8,"column":11},"end":{"line":27,"column":3}},"line":8}},"branchMap":{},"s":{"0":0},"f":{"0":0},"b":{}}
,"/Users/gaheeyoon/Dropbox/YOONGAHEE/위키북스/99_리액트 입문/07_예제/samples_ko/data/my-react/src/config-overrides.js": {"path":"/Users/gaheeyoon/Dropbox/YOONGAHEE/위키북스/99_리액트 입문/07_예제/samples_ko/data/my-react/src/config-overrides.js","statementMap":{"0":{"start":{"line":1,"column":38},"end":{"line":1,"column":62}},"1":{"start":{"line":2,"column":0},"end":{"line":6,"column":2}}},"fnMap":{},"branchMap":{},"s":{"0":0,"1":0},"f":{},"b":{}}
,"/Users/gaheeyoon/Dropbox/YOONGAHEE/위키북스/99_리액트 입문/07_예제/samples_ko/data/my-react/src/index.js": {"path":"/Users/gaheeyoon/Dropbox/YOONGAHEE/위키북스/99_리액트 입문/07_예제/samples_ko/data/my-react/src/index.js","statementMap":{"0":{"start":{"line":132,"column":13},"end":{"line":132,"column":65}},"1":{"start":{"line":1256,"column":0},"end":{"line":1258,"column":2}},"2":{"start":{"line":1263,"column":0},"end":{"line":1265,"column":2}},"3":{"start":{"line":1270,"column":0},"end":{"line":1272,"column":2}},"4":{"start":{"line":1284,"column":0},"end":{"line":1284,"column":18}}},"fnMap":{},"branchMap":{},"s":{"0":0,"1":0,"2":0,"3":0,"4":0},"f":{},"b":{}}
,"/Users/gaheeyoon/Dropbox/YOONGAHEE/위키북스/99_리액트 입문/07_예제/samples_ko/data/my-react/src/reportWebVitals.js": {"path":"/Users/gaheeyoon/Dropbox/YOONGAHEE/위키북스/99_리액트 입문/07_예제/samples_ko/data/my-react/src/reportWebVitals.js","statementMap":{"0":{"start":{"line":1,"column":24},"end":{"line":11,"column":1}},"1":{"start":{"line":2,"column":2},"end":{"line":10,"column":3}},"2":{"start":{"line":3,"column":4},"end":{"line":9,"column":7}},"3":{"start":{"line":4,"column":6},"end":{"line":4,"column":26}},"4":{"start":{"line":5,"column":6},"end":{"line":5,"column":26}},"5":{"start":{"line":6,"column":6},"end":{"line":6,"column":26}},"6":{"start":{"line":7,"column":6},"end":{"line":7,"column":26}},"7":{"start":{"line":8,"column":6},"end":{"line":8,"column":27}}},"fnMap":{"0":{"name":"(anonymous_0)","decl":{"start":{"line":1,"column":24},"end":{"line":1,"column":25}},"loc":{"start":{"line":1,"column":39},"end":{"line":11,"column":1}},"line":1},"1":{"name":"(anonymous_1)","decl":{"start":{"line":3,"column":30},"end":{"line":3,"column":31}},"loc":{"start":{"line":3,"column":79},"end":{"line":9,"column":5}},"line":3}},"branchMap":{"0":{"loc":{"start":{"line":2,"column":2},"end":{"line":10,"column":3}},"type":"if","locations":[{"start":{"line":2,"column":2},"end":{"line":10,"column":3}},{"start":{},"end":{}}],"line":2},"1":{"loc":{"start":{"line":2,"column":6},"end":{"line":2,"column":52}},"type":"binary-expr","locations":[{"start":{"line":2,"column":6},"end":{"line":2,"column":17}},{"start":{"line":2,"column":21},"end":{"line":2,"column":52}}],"line":2}},"s":{"0":0,"1":0,"2":0,"3":0,"4":0,"5":0,"6":0,"7":0},"f":{"0":0,"1":0},"b":{"0":[0,0],"1":[0,0]}}
,"/Users/gaheeyoon/Dropbox/YOONGAHEE/위키북스/99_리액트 입문/07_예제/samples_ko/data/my-react/src/chap03/Download.js": {"path":"/Users/gaheeyoon/Dropbox/YOONGAHEE/위키북스/99_리액트 입문/07_예제/samples_ko/data/my-react/src/chap03/Download.js","statementMap":{"0":{"start":{"line":4,"column":2},"end":{"line":8,"column":4}}},"fnMap":{"0":{"name":"Download","decl":{"start":{"line":3,"column":24},"end":{"line":3,"column":32}},"loc":{"start":{"line":3,"column":43},"end":{"line":9,"column":1}},"line":3}},"branchMap":{},"s":{"0":0},"f":{"0":0},"b":{}}
,"/Users/gaheeyoon/Dropbox/YOONGAHEE/위키북스/99_리액트 입문/07_예제/samples_ko/data/my-react/src/chap03/EventArgs.js": {"path":"/Users/gaheeyoon/Dropbox/YOONGAHEE/위키북스/99_리액트 입문/07_예제/samples_ko/data/my-react/src/chap03/EventArgs.js","statementMap":{"0":{"start":{"line":3,"column":18},"end":{"line":16,"column":3}},"1":{"start":{"line":4,"column":14},"end":{"line":4,"column":24}},"2":{"start":{"line":5,"column":4},"end":{"line":15,"column":5}},"3":{"start":{"line":7,"column":8},"end":{"line":7,"column":65}},"4":{"start":{"line":8,"column":8},"end":{"line":8,"column":14}},"5":{"start":{"line":10,"column":8},"end":{"line":10,"column":65}},"6":{"start":{"line":11,"column":8},"end":{"line":11,"column":14}},"7":{"start":{"line":13,"column":8},"end":{"line":13,"column":61}},"8":{"start":{"line":14,"column":8},"end":{"line":14,"column":14}},"9":{"start":{"line":17,"column":2},"end":{"line":24,"column":4}},"10":{"start":{"line":20,"column":36},"end":{"line":20,"column":58}},"11":{"start":{"line":21,"column":38},"end":{"line":21,"column":56}},"12":{"start":{"line":22,"column":38},"end":{"line":22,"column":56}}},"fnMap":{"0":{"name":"EventArgs","decl":{"start":{"line":1,"column":24},"end":{"line":1,"column":33}},"loc":{"start":{"line":1,"column":36},"end":{"line":25,"column":1}},"line":1},"1":{"name":"(anonymous_1)","decl":{"start":{"line":3,"column":18},"end":{"line":3,"column":19}},"loc":{"start":{"line":3,"column":31},"end":{"line":16,"column":3}},"line":3},"2":{"name":"(anonymous_2)","decl":{"start":{"line":20,"column":31},"end":{"line":20,"column":32}},"loc":{"start":{"line":20,"column":36},"end":{"line":20,"column":58}},"line":20},"3":{"name":"(anonymous_3)","decl":{"start":{"line":21,"column":33},"end":{"line":21,"column":34}},"loc":{"start":{"line":21,"column":38},"end":{"line":21,"column":56}},"line":21},"4":{"name":"(anonymous_4)","decl":{"start":{"line":22,"column":33},"end":{"line":22,"column":34}},"loc":{"start":{"line":22,"column":38},"end":{"line":22,"column":56}},"line":22}},"branchMap":{"0":{"loc":{"start":{"line":5,"column":4},"end":{"line":15,"column":5}},"type":"switch","locations":[{"start":{"line":6,"column":6},"end":{"line":8,"column":14}},{"start":{"line":9,"column":6},"end":{"line":11,"column":14}},{"start":{"line":12,"column":6},"end":{"line":14,"column":14}}],"line":5}},"s":{"0":0,"1":0,"2":0,"3":0,"4":0,"5":0,"6":0,"7":0,"8":0,"9":0,"10":0,"11":0,"12":0},"f":{"0":0,"1":0,"2":0,"3":0,"4":0},"b":{"0":[0,0,0]}}
,"/Users/gaheeyoon/Dropbox/YOONGAHEE/위키북스/99_리액트 입문/07_예제/samples_ko/data/my-react/src/chap03/EventArgs2.js": {"path":"/Users/gaheeyoon/Dropbox/YOONGAHEE/위키북스/99_리액트 입문/07_예제/samples_ko/data/my-react/src/chap03/EventArgs2.js","statementMap":{"0":{"start":{"line":2,"column":18},"end":{"line":16,"column":3}},"1":{"start":{"line":3,"column":17},"end":{"line":3,"column":38}},"2":{"start":{"line":4,"column":14},"end":{"line":4,"column":24}},"3":{"start":{"line":5,"column":4},"end":{"line":15,"column":5}},"4":{"start":{"line":7,"column":8},"end":{"line":7,"column":65}},"5":{"start":{"line":8,"column":8},"end":{"line":8,"column":14}},"6":{"start":{"line":10,"column":8},"end":{"line":10,"column":65}},"7":{"start":{"line":11,"column":8},"end":{"line":11,"column":14}},"8":{"start":{"line":13,"column":8},"end":{"line":13,"column":61}},"9":{"start":{"line":14,"column":8},"end":{"line":14,"column":14}},"10":{"start":{"line":17,"column":2},"end":{"line":24,"column":4}}},"fnMap":{"0":{"name":"EventArgs2","decl":{"start":{"line":1,"column":24},"end":{"line":1,"column":34}},"loc":{"start":{"line":1,"column":37},"end":{"line":25,"column":1}},"line":1},"1":{"name":"(anonymous_1)","decl":{"start":{"line":2,"column":18},"end":{"line":2,"column":19}},"loc":{"start":{"line":2,"column":23},"end":{"line":16,"column":3}},"line":2}},"branchMap":{"0":{"loc":{"start":{"line":5,"column":4},"end":{"line":15,"column":5}},"type":"switch","locations":[{"start":{"line":6,"column":6},"end":{"line":8,"column":14}},{"start":{"line":9,"column":6},"end":{"line":11,"column":14}},{"start":{"line":12,"column":6},"end":{"line":14,"column":14}}],"line":5}},"s":{"0":0,"1":0,"2":0,"3":0,"4":0,"5":0,"6":0,"7":0,"8":0,"9":0,"10":0},"f":{"0":0,"1":0},"b":{"0":[0,0,0]}}
,"/Users/gaheeyoon/Dropbox/YOONGAHEE/위키북스/99_리액트 입문/07_예제/samples_ko/data/my-react/src/chap03/EventBasic.js": {"path":"/Users/gaheeyoon/Dropbox/YOONGAHEE/위키북스/99_리액트 입문/07_예제/samples_ko/data/my-react/src/chap03/EventBasic.js","statementMap":{"0":{"start":{"line":3,"column":18},"end":{"line":17,"column":3}},"1":{"start":{"line":4,"column":14},"end":{"line":4,"column":24}},"2":{"start":{"line":6,"column":4},"end":{"line":16,"column":5}},"3":{"start":{"line":8,"column":8},"end":{"line":8,"column":44}},"4":{"start":{"line":9,"column":8},"end":{"line":9,"column":14}},"5":{"start":{"line":11,"column":8},"end":{"line":11,"column":44}},"6":{"start":{"line":12,"column":8},"end":{"line":12,"column":14}},"7":{"start":{"line":14,"column":8},"end":{"line":14,"column":40}},"8":{"start":{"line":15,"column":8},"end":{"line":15,"column":14}},"9":{"start":{"line":19,"column":2},"end":{"line":24,"column":4}}},"fnMap":{"0":{"name":"EventBasic","decl":{"start":{"line":1,"column":24},"end":{"line":1,"column":34}},"loc":{"start":{"line":1,"column":45},"end":{"line":25,"column":1}},"line":1},"1":{"name":"(anonymous_1)","decl":{"start":{"line":3,"column":18},"end":{"line":3,"column":19}},"loc":{"start":{"line":3,"column":24},"end":{"line":17,"column":3}},"line":3}},"branchMap":{"0":{"loc":{"start":{"line":6,"column":4},"end":{"line":16,"column":5}},"type":"switch","locations":[{"start":{"line":7,"column":6},"end":{"line":9,"column":14}},{"start":{"line":10,"column":6},"end":{"line":12,"column":14}},{"start":{"line":13,"column":6},"end":{"line":15,"column":14}}],"line":6}},"s":{"0":0,"1":0,"2":0,"3":0,"4":0,"5":0,"6":0,"7":0,"8":0,"9":0},"f":{"0":0,"1":0},"b":{"0":[0,0,0]}}
,"/Users/gaheeyoon/Dropbox/YOONGAHEE/위키북스/99_리액트 입문/07_예제/samples_ko/data/my-react/src/chap03/EventCompare.js": {"path":"/Users/gaheeyoon/Dropbox/YOONGAHEE/위키북스/99_리액트 입문/07_예제/samples_ko/data/my-react/src/chap03/EventCompare.js","statementMap":{"0":{"start":{"line":5,"column":30},"end":{"line":5,"column":42}},"1":{"start":{"line":7,"column":19},"end":{"line":7,"column":72}},"2":{"start":{"line":7,"column":24},"end":{"line":7,"column":72}},"3":{"start":{"line":7,"column":39},"end":{"line":7,"column":71}},"4":{"start":{"line":8,"column":19},"end":{"line":8,"column":72}},"5":{"start":{"line":8,"column":24},"end":{"line":8,"column":72}},"6":{"start":{"line":8,"column":39},"end":{"line":8,"column":71}},"7":{"start":{"line":9,"column":2},"end":{"line":22,"column":4}}},"fnMap":{"0":{"name":"EventCompare","decl":{"start":{"line":4,"column":24},"end":{"line":4,"column":36}},"loc":{"start":{"line":4,"column":39},"end":{"line":23,"column":1}},"line":4},"1":{"name":"(anonymous_1)","decl":{"start":{"line":7,"column":19},"end":{"line":7,"column":20}},"loc":{"start":{"line":7,"column":24},"end":{"line":7,"column":72}},"line":7},"2":{"name":"(anonymous_2)","decl":{"start":{"line":7,"column":34},"end":{"line":7,"column":35}},"loc":{"start":{"line":7,"column":39},"end":{"line":7,"column":71}},"line":7},"3":{"name":"(anonymous_3)","decl":{"start":{"line":8,"column":19},"end":{"line":8,"column":20}},"loc":{"start":{"line":8,"column":24},"end":{"line":8,"column":72}},"line":8},"4":{"name":"(anonymous_4)","decl":{"start":{"line":8,"column":34},"end":{"line":8,"column":35}},"loc":{"start":{"line":8,"column":39},"end":{"line":8,"column":71}},"line":8}},"branchMap":{},"s":{"0":0,"1":0,"2":0,"3":0,"4":0,"5":0,"6":0,"7":0},"f":{"0":0,"1":0,"2":0,"3":0,"4":0},"b":{}}
,"/Users/gaheeyoon/Dropbox/YOONGAHEE/위키북스/99_리액트 입문/07_예제/samples_ko/data/my-react/src/chap03/EventError.js": {"path":"/Users/gaheeyoon/Dropbox/YOONGAHEE/위키북스/99_리액트 입문/07_예제/samples_ko/data/my-react/src/chap03/EventError.js","statementMap":{"0":{"start":{"line":4,"column":26},"end":{"line":4,"column":39}},"1":{"start":{"line":6,"column":22},"end":{"line":6,"column":58}},"2":{"start":{"line":6,"column":28},"end":{"line":6,"column":58}},"3":{"start":{"line":7,"column":2},"end":{"line":9,"column":4}}},"fnMap":{"0":{"name":"EventError","decl":{"start":{"line":3,"column":24},"end":{"line":3,"column":34}},"loc":{"start":{"line":3,"column":49},"end":{"line":10,"column":1}},"line":3},"1":{"name":"(anonymous_1)","decl":{"start":{"line":6,"column":22},"end":{"line":6,"column":23}},"loc":{"start":{"line":6,"column":28},"end":{"line":6,"column":58}},"line":6}},"branchMap":{},"s":{"0":0,"1":0,"2":0,"3":0},"f":{"0":0,"1":0},"b":{}}
,"/Users/gaheeyoon/Dropbox/YOONGAHEE/위키북스/99_리액트 입문/07_예제/samples_ko/data/my-react/src/chap03/EventKey.js": {"path":"/Users/gaheeyoon/Dropbox/YOONGAHEE/위키북스/99_리액트 입문/07_예제/samples_ko/data/my-react/src/chap03/EventKey.js","statementMap":{"0":{"start":{"line":3,"column":20},"end":{"line":7,"column":3}},"1":{"start":{"line":4,"column":4},"end":{"line":6,"column":5}},"2":{"start":{"line":5,"column":6},"end":{"line":5,"column":36}},"3":{"start":{"line":9,"column":2},"end":{"line":16,"column":4}}},"fnMap":{"0":{"name":"EventKey","decl":{"start":{"line":1,"column":24},"end":{"line":1,"column":32}},"loc":{"start":{"line":1,"column":35},"end":{"line":17,"column":1}},"line":1},"1":{"name":"(anonymous_1)","decl":{"start":{"line":3,"column":20},"end":{"line":3,"column":21}},"loc":{"start":{"line":3,"column":25},"end":{"line":7,"column":3}},"line":3}},"branchMap":{"0":{"loc":{"start":{"line":4,"column":4},"end":{"line":6,"column":5}},"type":"if","locations":[{"start":{"line":4,"column":4},"end":{"line":6,"column":5}},{"start":{},"end":{}}],"line":4},"1":{"loc":{"start":{"line":4,"column":8},"end":{"line":4,"column":34}},"type":"binary-expr","locations":[{"start":{"line":4,"column":8},"end":{"line":4,"column":17}},{"start":{"line":4,"column":21},"end":{"line":4,"column":34}}],"line":4}},"s":{"0":0,"1":0,"2":0,"3":0},"f":{"0":0,"1":0},"b":{"0":[0,0],"1":[0,0]}}
,"/Users/gaheeyoon/Dropbox/YOONGAHEE/위키북스/99_리액트 입문/07_예제/samples_ko/data/my-react/src/chap03/EventMouse.js": {"path":"/Users/gaheeyoon/Dropbox/YOONGAHEE/위키북스/99_리액트 입문/07_예제/samples_ko/data/my-react/src/chap03/EventMouse.js","statementMap":{"0":{"start":{"line":5,"column":32},"end":{"line":5,"column":51}},"1":{"start":{"line":7,"column":22},"end":{"line":7,"column":48}},"2":{"start":{"line":7,"column":28},"end":{"line":7,"column":48}},"3":{"start":{"line":8,"column":22},"end":{"line":8,"column":49}},"4":{"start":{"line":8,"column":28},"end":{"line":8,"column":49}},"5":{"start":{"line":9,"column":2},"end":{"line":12,"column":4}}},"fnMap":{"0":{"name":"EventMouse","decl":{"start":{"line":3,"column":24},"end":{"line":3,"column":34}},"loc":{"start":{"line":3,"column":65},"end":{"line":13,"column":1}},"line":3},"1":{"name":"(anonymous_1)","decl":{"start":{"line":7,"column":22},"end":{"line":7,"column":23}},"loc":{"start":{"line":7,"column":28},"end":{"line":7,"column":48}},"line":7},"2":{"name":"(anonymous_2)","decl":{"start":{"line":8,"column":22},"end":{"line":8,"column":23}},"loc":{"start":{"line":8,"column":28},"end":{"line":8,"column":49}},"line":8}},"branchMap":{},"s":{"0":0,"1":0,"2":0,"3":0,"4":0,"5":0},"f":{"0":0,"1":0,"2":0},"b":{}}
,"/Users/gaheeyoon/Dropbox/YOONGAHEE/위키북스/99_리액트 입문/07_예제/samples_ko/data/my-react/src/chap03/EventObj.js": {"path":"/Users/gaheeyoon/Dropbox/YOONGAHEE/위키북스/99_리액트 입문/07_예제/samples_ko/data/my-react/src/chap03/EventObj.js","statementMap":{"0":{"start":{"line":3,"column":22},"end":{"line":3,"column":41}},"1":{"start":{"line":3,"column":27},"end":{"line":3,"column":41}},"2":{"start":{"line":4,"column":2},"end":{"line":6,"column":4}}},"fnMap":{"0":{"name":"EventObj","decl":{"start":{"line":1,"column":24},"end":{"line":1,"column":32}},"loc":{"start":{"line":1,"column":35},"end":{"line":7,"column":1}},"line":1},"1":{"name":"(anonymous_1)","decl":{"start":{"line":3,"column":22},"end":{"line":3,"column":23}},"loc":{"start":{"line":3,"column":27},"end":{"line":3,"column":41}},"line":3}},"branchMap":{},"s":{"0":0,"1":0,"2":0},"f":{"0":0,"1":0},"b":{}}
,"/Users/gaheeyoon/Dropbox/YOONGAHEE/위키북스/99_리액트 입문/07_예제/samples_ko/data/my-react/src/chap03/EventOnce.js": {"path":"/Users/gaheeyoon/Dropbox/YOONGAHEE/위키북스/99_리액트 입문/07_예제/samples_ko/data/my-react/src/chap03/EventOnce.js","statementMap":{"0":{"start":{"line":5,"column":32},"end":{"line":5,"column":47}},"1":{"start":{"line":7,"column":30},"end":{"line":7,"column":43}},"2":{"start":{"line":8,"column":22},"end":{"line":15,"column":3}},"3":{"start":{"line":10,"column":4},"end":{"line":14,"column":5}},"4":{"start":{"line":11,"column":6},"end":{"line":11,"column":53}},"5":{"start":{"line":13,"column":6},"end":{"line":13,"column":23}},"6":{"start":{"line":17,"column":2},"end":{"line":22,"column":4}}},"fnMap":{"0":{"name":"EventOnce","decl":{"start":{"line":3,"column":24},"end":{"line":3,"column":33}},"loc":{"start":{"line":3,"column":36},"end":{"line":23,"column":1}},"line":3},"1":{"name":"(anonymous_1)","decl":{"start":{"line":8,"column":22},"end":{"line":8,"column":23}},"loc":{"start":{"line":8,"column":27},"end":{"line":15,"column":3}},"line":8}},"branchMap":{"0":{"loc":{"start":{"line":10,"column":4},"end":{"line":14,"column":5}},"type":"if","locations":[{"start":{"line":10,"column":4},"end":{"line":14,"column":5}},{"start":{},"end":{}}],"line":10}},"s":{"0":0,"1":0,"2":0,"3":0,"4":0,"5":0,"6":0},"f":{"0":0,"1":0},"b":{"0":[0,0]}}
,"/Users/gaheeyoon/Dropbox/YOONGAHEE/위키북스/99_리액트 입문/07_예제/samples_ko/data/my-react/src/chap03/EventPassive.js": {"path":"/Users/gaheeyoon/Dropbox/YOONGAHEE/위키북스/99_리액트 입문/07_예제/samples_ko/data/my-react/src/chap03/EventPassive.js","statementMap":{"0":{"start":{"line":5,"column":22},"end":{"line":5,"column":45}},"1":{"start":{"line":5,"column":27},"end":{"line":5,"column":45}},"2":{"start":{"line":6,"column":17},"end":{"line":6,"column":29}},"3":{"start":{"line":7,"column":2},"end":{"line":13,"column":5}},"4":{"start":{"line":8,"column":16},"end":{"line":8,"column":30}},"5":{"start":{"line":9,"column":4},"end":{"line":9,"column":67}},"6":{"start":{"line":10,"column":4},"end":{"line":12,"column":7}},"7":{"start":{"line":11,"column":6},"end":{"line":11,"column":52}},"8":{"start":{"line":15,"column":2},"end":{"line":19,"column":4}}},"fnMap":{"0":{"name":"EventPassive","decl":{"start":{"line":4,"column":24},"end":{"line":4,"column":36}},"loc":{"start":{"line":4,"column":39},"end":{"line":20,"column":1}},"line":4},"1":{"name":"(anonymous_1)","decl":{"start":{"line":5,"column":22},"end":{"line":5,"column":23}},"loc":{"start":{"line":5,"column":27},"end":{"line":5,"column":45}},"line":5},"2":{"name":"(anonymous_2)","decl":{"start":{"line":7,"column":12},"end":{"line":7,"column":13}},"loc":{"start":{"line":7,"column":18},"end":{"line":13,"column":3}},"line":7},"3":{"name":"(anonymous_3)","decl":{"start":{"line":10,"column":12},"end":{"line":10,"column":13}},"loc":{"start":{"line":10,"column":18},"end":{"line":12,"column":5}},"line":10}},"branchMap":{},"s":{"0":0,"1":0,"2":0,"3":0,"4":0,"5":0,"6":0,"7":0,"8":0},"f":{"0":0,"1":0,"2":0,"3":0},"b":{}}
,"/Users/gaheeyoon/Dropbox/YOONGAHEE/위키북스/99_리액트 입문/07_예제/samples_ko/data/my-react/src/chap03/EventPoint.js": {"path":"/Users/gaheeyoon/Dropbox/YOONGAHEE/위키북스/99_리액트 입문/07_예제/samples_ko/data/my-react/src/chap03/EventPoint.js","statementMap":{"0":{"start":{"line":5,"column":30},"end":{"line":5,"column":54}},"1":{"start":{"line":6,"column":30},"end":{"line":6,"column":54}},"2":{"start":{"line":7,"column":30},"end":{"line":7,"column":54}},"3":{"start":{"line":8,"column":30},"end":{"line":8,"column":54}},"4":{"start":{"line":11,"column":26},"end":{"line":16,"column":3}},"5":{"start":{"line":12,"column":4},"end":{"line":12,"column":46}},"6":{"start":{"line":13,"column":4},"end":{"line":13,"column":40}},"7":{"start":{"line":14,"column":4},"end":{"line":14,"column":46}},"8":{"start":{"line":15,"column":4},"end":{"line":15,"column":70}},"9":{"start":{"line":18,"column":2},"end":{"line":25,"column":4}}},"fnMap":{"0":{"name":"EventPoint","decl":{"start":{"line":4,"column":24},"end":{"line":4,"column":34}},"loc":{"start":{"line":4,"column":37},"end":{"line":26,"column":1}},"line":4},"1":{"name":"(anonymous_1)","decl":{"start":{"line":11,"column":26},"end":{"line":11,"column":27}},"loc":{"start":{"line":11,"column":31},"end":{"line":16,"column":3}},"line":11}},"branchMap":{},"s":{"0":0,"1":0,"2":0,"3":0,"4":0,"5":0,"6":0,"7":0,"8":0,"9":0},"f":{"0":0,"1":0},"b":{}}
,"/Users/gaheeyoon/Dropbox/YOONGAHEE/위키북스/99_리액트 입문/07_예제/samples_ko/data/my-react/src/chap03/EventPropagation.js": {"path":"/Users/gaheeyoon/Dropbox/YOONGAHEE/위키북스/99_리액트 입문/07_예제/samples_ko/data/my-react/src/chap03/EventPropagation.js","statementMap":{"0":{"start":{"line":4,"column":23},"end":{"line":4,"column":52}},"1":{"start":{"line":4,"column":29},"end":{"line":4,"column":52}},"2":{"start":{"line":5,"column":19},"end":{"line":5,"column":44}},"3":{"start":{"line":5,"column":25},"end":{"line":5,"column":44}},"4":{"start":{"line":6,"column":22},"end":{"line":6,"column":50}},"5":{"start":{"line":6,"column":28},"end":{"line":6,"column":50}},"6":{"start":{"line":8,"column":2},"end":{"line":18,"column":4}}},"fnMap":{"0":{"name":"EventPropagation","decl":{"start":{"line":3,"column":24},"end":{"line":3,"column":40}},"loc":{"start":{"line":3,"column":43},"end":{"line":19,"column":1}},"line":3},"1":{"name":"(anonymous_1)","decl":{"start":{"line":4,"column":23},"end":{"line":4,"column":24}},"loc":{"start":{"line":4,"column":29},"end":{"line":4,"column":52}},"line":4},"2":{"name":"(anonymous_2)","decl":{"start":{"line":5,"column":19},"end":{"line":5,"column":20}},"loc":{"start":{"line":5,"column":25},"end":{"line":5,"column":44}},"line":5},"3":{"name":"(anonymous_3)","decl":{"start":{"line":6,"column":22},"end":{"line":6,"column":23}},"loc":{"start":{"line":6,"column":28},"end":{"line":6,"column":50}},"line":6}},"branchMap":{},"s":{"0":0,"1":0,"2":0,"3":0,"4":0,"5":0,"6":0},"f":{"0":0,"1":0,"2":0,"3":0},"b":{}}
,"/Users/gaheeyoon/Dropbox/YOONGAHEE/위키북스/99_리액트 입문/07_예제/samples_ko/data/my-react/src/chap03/ForFilter.js": {"path":"/Users/gaheeyoon/Dropbox/YOONGAHEE/위키북스/99_리액트 입문/07_예제/samples_ko/data/my-react/src/chap03/ForFilter.js","statementMap":{"0":{"start":{"line":4,"column":19},"end":{"line":4,"column":57}},"1":{"start":{"line":4,"column":38},"end":{"line":4,"column":56}},"2":{"start":{"line":5,"column":2},"end":{"line":18,"column":4}},"3":{"start":{"line":8,"column":6},"end":{"line":15,"column":23}}},"fnMap":{"0":{"name":"ForFilter","decl":{"start":{"line":3,"column":24},"end":{"line":3,"column":33}},"loc":{"start":{"line":3,"column":43},"end":{"line":19,"column":1}},"line":3},"1":{"name":"(anonymous_1)","decl":{"start":{"line":4,"column":30},"end":{"line":4,"column":31}},"loc":{"start":{"line":4,"column":38},"end":{"line":4,"column":56}},"line":4},"2":{"name":"(anonymous_2)","decl":{"start":{"line":7,"column":18},"end":{"line":7,"column":19}},"loc":{"start":{"line":8,"column":6},"end":{"line":15,"column":23}},"line":8}},"branchMap":{},"s":{"0":0,"1":0,"2":0,"3":0},"f":{"0":0,"1":0,"2":0},"b":{}}
,"/Users/gaheeyoon/Dropbox/YOONGAHEE/위키북스/99_리액트 입문/07_예제/samples_ko/data/my-react/src/chap03/ForItem.js": {"path":"/Users/gaheeyoon/Dropbox/YOONGAHEE/위키북스/99_리액트 입문/07_예제/samples_ko/data/my-react/src/chap03/ForItem.js","statementMap":{"0":{"start":{"line":4,"column":2},"end":{"line":13,"column":4}}},"fnMap":{"0":{"name":"ForItem","decl":{"start":{"line":3,"column":24},"end":{"line":3,"column":31}},"loc":{"start":{"line":3,"column":42},"end":{"line":14,"column":1}},"line":3}},"branchMap":{},"s":{"0":0},"f":{"0":0},"b":{}}
,"/Users/gaheeyoon/Dropbox/YOONGAHEE/위키북스/99_리액트 입문/07_예제/samples_ko/data/my-react/src/chap03/ForList.js": {"path":"/Users/gaheeyoon/Dropbox/YOONGAHEE/위키북스/99_리액트 입문/07_예제/samples_ko/data/my-react/src/chap03/ForList.js","statementMap":{"0":{"start":{"line":5,"column":2},"end":{"line":41,"column":4}},"1":{"start":{"line":9,"column":6},"end":{"line":16,"column":9}}},"fnMap":{"0":{"name":"ForList","decl":{"start":{"line":4,"column":24},"end":{"line":4,"column":31}},"loc":{"start":{"line":4,"column":41},"end":{"line":42,"column":1}},"line":4},"1":{"name":"(anonymous_1)","decl":{"start":{"line":8,"column":13},"end":{"line":8,"column":14}},"loc":{"start":{"line":9,"column":6},"end":{"line":16,"column":9}},"line":9}},"branchMap":{},"s":{"0":0,"1":0},"f":{"0":0,"1":0},"b":{}}
,"/Users/gaheeyoon/Dropbox/YOONGAHEE/위키북스/99_리액트 입문/07_예제/samples_ko/data/my-react/src/chap03/ForNest.js": {"path":"/Users/gaheeyoon/Dropbox/YOONGAHEE/위키북스/99_리액트 입문/07_예제/samples_ko/data/my-react/src/chap03/ForNest.js","statementMap":{"0":{"start":{"line":4,"column":2},"end":{"line":10,"column":4}},"1":{"start":{"line":7,"column":8},"end":{"line":7,"column":47}}},"fnMap":{"0":{"name":"ForNest","decl":{"start":{"line":3,"column":24},"end":{"line":3,"column":31}},"loc":{"start":{"line":3,"column":41},"end":{"line":11,"column":1}},"line":3},"1":{"name":"(anonymous_1)","decl":{"start":{"line":6,"column":15},"end":{"line":6,"column":16}},"loc":{"start":{"line":7,"column":8},"end":{"line":7,"column":47}},"line":7}},"branchMap":{},"s":{"0":1,"1":5},"f":{"0":1,"1":5},"b":{},"_coverageSchema":"1a1c01bbd47fc00a2c39e90264f33305004495a9","hash":"99d3c8788872722039bc508586a6cd5e242b41a9"}
,"/Users/gaheeyoon/Dropbox/YOONGAHEE/위키북스/99_리액트 입문/07_예제/samples_ko/data/my-react/src/chap03/ForSort.js": {"path":"/Users/gaheeyoon/Dropbox/YOONGAHEE/위키북스/99_리액트 입문/07_예제/samples_ko/data/my-react/src/chap03/ForSort.js","statementMap":{"0":{"start":{"line":4,"column":2},"end":{"line":4,"column":40}},"1":{"start":{"line":4,"column":21},"end":{"line":4,"column":38}},"2":{"start":{"line":5,"column":2},"end":{"line":18,"column":4}},"3":{"start":{"line":8,"column":6},"end":{"line":15,"column":23}}},"fnMap":{"0":{"name":"ForSort","decl":{"start":{"line":3,"column":24},"end":{"line":3,"column":31}},"loc":{"start":{"line":3,"column":41},"end":{"line":19,"column":1}},"line":3},"1":{"name":"(anonymous_1)","decl":{"start":{"line":4,"column":11},"end":{"line":4,"column":12}},"loc":{"start":{"line":4,"column":21},"end":{"line":4,"column":38}},"line":4},"2":{"name":"(anonymous_2)","decl":{"start":{"line":7,"column":13},"end":{"line":7,"column":14}},"loc":{"start":{"line":8,"column":6},"end":{"line":15,"column":23}},"line":8}},"branchMap":{},"s":{"0":0,"1":0,"2":0,"3":0},"f":{"0":0,"1":0,"2":0},"b":{}}
,"/Users/gaheeyoon/Dropbox/YOONGAHEE/위키북스/99_리액트 입문/07_예제/samples_ko/data/my-react/src/chap03/ListTemplate.js": {"path":"/Users/gaheeyoon/Dropbox/YOONGAHEE/위키북스/99_리액트 입문/07_예제/samples_ko/data/my-react/src/chap03/ListTemplate.js","statementMap":{"0":{"start":{"line":4,"column":2},"end":{"line":13,"column":4}},"1":{"start":{"line":7,"column":8},"end":{"line":10,"column":25}}},"fnMap":{"0":{"name":"ListTemplate","decl":{"start":{"line":3,"column":24},"end":{"line":3,"column":36}},"loc":{"start":{"line":3,"column":56},"end":{"line":14,"column":1}},"line":3},"1":{"name":"(anonymous_1)","decl":{"start":{"line":6,"column":15},"end":{"line":6,"column":16}},"loc":{"start":{"line":7,"column":8},"end":{"line":10,"column":25}},"line":7}},"branchMap":{},"s":{"0":0,"1":0},"f":{"0":0,"1":0},"b":{}}
,"/Users/gaheeyoon/Dropbox/YOONGAHEE/위키북스/99_리액트 입문/07_예제/samples_ko/data/my-react/src/chap03/MyHello.js": {"path":"/Users/gaheeyoon/Dropbox/YOONGAHEE/위키북스/99_리액트 입문/07_예제/samples_ko/data/my-react/src/chap03/MyHello.js","statementMap":{"0":{"start":{"line":30,"column":2},"end":{"line":32,"column":4}},"1":{"start":{"line":36,"column":0},"end":{"line":38,"column":2}}},"fnMap":{"0":{"name":"MyHello","decl":{"start":{"line":29,"column":9},"end":{"line":29,"column":16}},"loc":{"start":{"line":29,"column":24},"end":{"line":33,"column":1}},"line":29}},"branchMap":{},"s":{"0":0,"1":0},"f":{"0":0},"b":{}}
,"/Users/gaheeyoon/Dropbox/YOONGAHEE/위키북스/99_리액트 입문/07_예제/samples_ko/data/my-react/src/chap03/SelectStyle.js": {"path":"/Users/gaheeyoon/Dropbox/YOONGAHEE/위키북스/99_리액트 입문/07_예제/samples_ko/data/my-react/src/chap03/SelectStyle.js","statementMap":{"0":{"start":{"line":5,"column":2},"end":{"line":45,"column":4}}},"fnMap":{"0":{"name":"SelectStyle","decl":{"start":{"line":4,"column":24},"end":{"line":4,"column":35}},"loc":{"start":{"line":4,"column":46},"end":{"line":46,"column":1}},"line":4}},"branchMap":{"0":{"loc":{"start":{"line":7,"column":27},"end":{"line":7,"column":62}},"type":"cond-expr","locations":[{"start":{"line":7,"column":46},"end":{"line":7,"column":53}},{"start":{"line":7,"column":56},"end":{"line":7,"column":62}}],"line":7}},"s":{"0":0},"f":{"0":0},"b":{"0":[0,0]}}
,"/Users/gaheeyoon/Dropbox/YOONGAHEE/위키북스/99_리액트 입문/07_예제/samples_ko/data/my-react/src/chap03/StateBasic.js": {"path":"/Users/gaheeyoon/Dropbox/YOONGAHEE/위키북스/99_리액트 입문/07_예제/samples_ko/data/my-react/src/chap03/StateBasic.js","statementMap":{"0":{"start":{"line":5,"column":28},"end":{"line":5,"column":42}},"1":{"start":{"line":7,"column":2},"end":{"line":7,"column":36}},"2":{"start":{"line":8,"column":22},"end":{"line":8,"column":47}},"3":{"start":{"line":8,"column":28},"end":{"line":8,"column":47}},"4":{"start":{"line":10,"column":2},"end":{"line":15,"column":4}}},"fnMap":{"0":{"name":"StateBasic","decl":{"start":{"line":3,"column":24},"end":{"line":3,"column":34}},"loc":{"start":{"line":3,"column":45},"end":{"line":16,"column":1}},"line":3},"1":{"name":"(anonymous_1)","decl":{"start":{"line":8,"column":22},"end":{"line":8,"column":23}},"loc":{"start":{"line":8,"column":28},"end":{"line":8,"column":47}},"line":8}},"branchMap":{},"s":{"0":0,"1":0,"2":0,"3":0,"4":0},"f":{"0":0,"1":0},"b":{},"_coverageSchema":"1a1c01bbd47fc00a2c39e90264f33305004495a9","hash":"601b3ea530d5398596c017a7cacc676b570ed34f"}
,"/Users/gaheeyoon/Dropbox/YOONGAHEE/위키북스/99_리액트 입문/07_예제/samples_ko/data/my-react/src/chap03/StateCounter.js": {"path":"/Users/gaheeyoon/Dropbox/YOONGAHEE/위키북스/99_리액트 입문/07_예제/samples_ko/data/my-react/src/chap03/StateCounter.js","statementMap":{"0":{"start":{"line":5,"column":22},"end":{"line":5,"column":42}},"1":{"start":{"line":5,"column":28},"end":{"line":5,"column":42}},"2":{"start":{"line":6,"column":2},"end":{"line":10,"column":4}}},"fnMap":{"0":{"name":"StateCounter","decl":{"start":{"line":3,"column":24},"end":{"line":3,"column":36}},"loc":{"start":{"line":3,"column":57},"end":{"line":11,"column":1}},"line":3},"1":{"name":"(anonymous_1)","decl":{"start":{"line":5,"column":22},"end":{"line":5,"column":23}},"loc":{"start":{"line":5,"column":28},"end":{"line":5,"column":42}},"line":5}},"branchMap":{},"s":{"0":0,"1":0,"2":0},"f":{"0":0,"1":0},"b":{}}
,"/Users/gaheeyoon/Dropbox/YOONGAHEE/위키북스/99_리액트 입문/07_예제/samples_ko/data/my-react/src/chap03/StateParent.js": {"path":"/Users/gaheeyoon/Dropbox/YOONGAHEE/위키북스/99_리액트 입문/07_예제/samples_ko/data/my-react/src/chap03/StateParent.js","statementMap":{"0":{"start":{"line":6,"column":28},"end":{"line":6,"column":39}},"1":{"start":{"line":8,"column":17},"end":{"line":8,"column":48}},"2":{"start":{"line":8,"column":25},"end":{"line":8,"column":48}},"3":{"start":{"line":8,"column":39},"end":{"line":8,"column":47}},"4":{"start":{"line":9,"column":2},"end":{"line":17,"column":4}}},"fnMap":{"0":{"name":"StateParent","decl":{"start":{"line":4,"column":24},"end":{"line":4,"column":35}},"loc":{"start":{"line":4,"column":38},"end":{"line":18,"column":1}},"line":4},"1":{"name":"(anonymous_1)","decl":{"start":{"line":8,"column":17},"end":{"line":8,"column":18}},"loc":{"start":{"line":8,"column":25},"end":{"line":8,"column":48}},"line":8},"2":{"name":"(anonymous_2)","decl":{"start":{"line":8,"column":34},"end":{"line":8,"column":35}},"loc":{"start":{"line":8,"column":39},"end":{"line":8,"column":47}},"line":8}},"branchMap":{},"s":{"0":0,"1":0,"2":0,"3":0,"4":0},"f":{"0":0,"1":0,"2":0},"b":{}}
,"/Users/gaheeyoon/Dropbox/YOONGAHEE/위키북스/99_리액트 입문/07_예제/samples_ko/data/my-react/src/chap03/StyledPanel.js": {"path":"/Users/gaheeyoon/Dropbox/YOONGAHEE/위키북스/99_리액트 입문/07_예제/samples_ko/data/my-react/src/chap03/StyledPanel.js","statementMap":{"0":{"start":{"line":2,"column":2},"end":{"line":13,"column":4}}},"fnMap":{"0":{"name":"StyledPanel","decl":{"start":{"line":1,"column":24},"end":{"line":1,"column":35}},"loc":{"start":{"line":1,"column":50},"end":{"line":14,"column":1}},"line":1}},"branchMap":{},"s":{"0":0},"f":{"0":0},"b":{}}
,"/Users/gaheeyoon/Dropbox/YOONGAHEE/위키북스/99_리액트 입문/07_예제/samples_ko/data/my-react/src/chap03/TitledPanel.js": {"path":"/Users/gaheeyoon/Dropbox/YOONGAHEE/위키북스/99_리액트 입문/07_예제/samples_ko/data/my-react/src/chap03/TitledPanel.js","statementMap":{"0":{"start":{"line":20,"column":16},"end":{"line":20,"column":59}},"1":{"start":{"line":20,"column":38},"end":{"line":20,"column":58}},"2":{"start":{"line":21,"column":15},"end":{"line":21,"column":57}},"3":{"start":{"line":21,"column":37},"end":{"line":21,"column":56}},"4":{"start":{"line":23,"column":2},"end":{"line":36,"column":4}}},"fnMap":{"0":{"name":"TitledPanel","decl":{"start":{"line":19,"column":24},"end":{"line":19,"column":35}},"loc":{"start":{"line":19,"column":50},"end":{"line":37,"column":1}},"line":19},"1":{"name":"(anonymous_1)","decl":{"start":{"line":20,"column":30},"end":{"line":20,"column":31}},"loc":{"start":{"line":20,"column":38},"end":{"line":20,"column":58}},"line":20},"2":{"name":"(anonymous_2)","decl":{"start":{"line":21,"column":29},"end":{"line":21,"column":30}},"loc":{"start":{"line":21,"column":37},"end":{"line":21,"column":56}},"line":21}},"branchMap":{},"s":{"0":0,"1":0,"2":0,"3":0,"4":0},"f":{"0":0,"1":0,"2":0},"b":{}}
,"/Users/gaheeyoon/Dropbox/YOONGAHEE/위키북스/99_리액트 입문/07_예제/samples_ko/data/my-react/src/chap03/TypeProp.js": {"path":"/Users/gaheeyoon/Dropbox/YOONGAHEE/위키북스/99_리액트 입문/07_예제/samples_ko/data/my-react/src/chap03/TypeProp.js","statementMap":{"0":{"start":{"line":5,"column":2},"end":{"line":5,"column":21}},"1":{"start":{"line":6,"column":2},"end":{"line":6,"column":35}},"2":{"start":{"line":9,"column":0},"end":{"line":35,"column":2}}},"fnMap":{"0":{"name":"Member","decl":{"start":{"line":3,"column":16},"end":{"line":3,"column":22}},"loc":{"start":{"line":3,"column":25},"end":{"line":3,"column":27}},"line":3},"1":{"name":"TypeProp","decl":{"start":{"line":4,"column":9},"end":{"line":4,"column":17}},"loc":{"start":{"line":4,"column":25},"end":{"line":7,"column":1}},"line":4}},"branchMap":{},"s":{"0":0,"1":0,"2":0},"f":{"0":0,"1":0},"b":{}}
,"/Users/gaheeyoon/Dropbox/YOONGAHEE/위키북스/99_리액트 입문/07_예제/samples_ko/data/my-react/src/chap03/books.js": {"path":"/Users/gaheeyoon/Dropbox/YOONGAHEE/위키북스/99_리액트 입문/07_예제/samples_ko/data/my-react/src/chap03/books.js","statementMap":{"0":{"start":{"line":1,"column":14},"end":{"line":42,"column":1}}},"fnMap":{},"branchMap":{},"s":{"0":1},"f":{},"b":{},"_coverageSchema":"1a1c01bbd47fc00a2c39e90264f33305004495a9","hash":"51a70b4044b028074e18ca33b80e76991e56788c"}
,"/Users/gaheeyoon/Dropbox/YOONGAHEE/위키북스/99_리액트 입문/07_예제/samples_ko/data/my-react/src/chap04/FormBasic.js": {"path":"/Users/gaheeyoon/Dropbox/YOONGAHEE/위키북스/99_리액트 입문/07_예제/samples_ko/data/my-react/src/chap04/FormBasic.js","statementMap":{"0":{"start":{"line":5,"column":24},"end":{"line":10,"column":3}},"1":{"start":{"line":14,"column":29},"end":{"line":16,"column":4}},"2":{"start":{"line":19,"column":19},"end":{"line":19,"column":44}},"3":{"start":{"line":19,"column":27},"end":{"line":19,"column":44}},"4":{"start":{"line":20,"column":18},"end":{"line":20,"column":41}},"5":{"start":{"line":20,"column":25},"end":{"line":20,"column":41}},"6":{"start":{"line":22,"column":2},"end":{"line":82,"column":4}}},"fnMap":{"0":{"name":"FormBasic","decl":{"start":{"line":3,"column":24},"end":{"line":3,"column":33}},"loc":{"start":{"line":3,"column":36},"end":{"line":83,"column":1}},"line":3},"1":{"name":"(anonymous_1)","decl":{"start":{"line":19,"column":19},"end":{"line":19,"column":20}},"loc":{"start":{"line":19,"column":27},"end":{"line":19,"column":44}},"line":19},"2":{"name":"(anonymous_2)","decl":{"start":{"line":20,"column":18},"end":{"line":20,"column":19}},"loc":{"start":{"line":20,"column":25},"end":{"line":20,"column":41}},"line":20}},"branchMap":{},"s":{"0":0,"1":0,"2":0,"3":0,"4":0,"5":0,"6":0},"f":{"0":0,"1":0,"2":0},"b":{}}
,"/Users/gaheeyoon/Dropbox/YOONGAHEE/위키북스/99_리액트 입문/07_예제/samples_ko/data/my-react/src/chap04/FormCheck.js": {"path":"/Users/gaheeyoon/Dropbox/YOONGAHEE/위키북스/99_리액트 입문/07_예제/samples_ko/data/my-react/src/chap04/FormCheck.js","statementMap":{"0":{"start":{"line":5,"column":26},"end":{"line":7,"column":4}},"1":{"start":{"line":10,"column":26},"end":{"line":15,"column":3}},"2":{"start":{"line":11,"column":4},"end":{"line":14,"column":7}},"3":{"start":{"line":18,"column":15},"end":{"line":20,"column":3}},"4":{"start":{"line":19,"column":4},"end":{"line":19,"column":62}},"5":{"start":{"line":22,"column":2},"end":{"line":30,"column":4}}},"fnMap":{"0":{"name":"FormCheck","decl":{"start":{"line":3,"column":24},"end":{"line":3,"column":33}},"loc":{"start":{"line":3,"column":36},"end":{"line":31,"column":1}},"line":3},"1":{"name":"(anonymous_1)","decl":{"start":{"line":10,"column":26},"end":{"line":10,"column":27}},"loc":{"start":{"line":10,"column":31},"end":{"line":15,"column":3}},"line":10},"2":{"name":"(anonymous_2)","decl":{"start":{"line":18,"column":15},"end":{"line":18,"column":16}},"loc":{"start":{"line":18,"column":21},"end":{"line":20,"column":3}},"line":18}},"branchMap":{"0":{"loc":{"start":{"line":19,"column":26},"end":{"line":19,"column":58}},"type":"cond-expr","locations":[{"start":{"line":19,"column":43},"end":{"line":19,"column":47}},{"start":{"line":19,"column":49},"end":{"line":19,"column":58}}],"line":19}},"s":{"0":0,"1":0,"2":0,"3":0,"4":0,"5":0},"f":{"0":0,"1":0,"2":0},"b":{"0":[0,0]}}
,"/Users/gaheeyoon/Dropbox/YOONGAHEE/위키북스/99_리액트 입문/07_예제/samples_ko/data/my-react/src/chap04/FormCheckMulti.js": {"path":"/Users/gaheeyoon/Dropbox/YOONGAHEE/위키북스/99_리액트 입문/07_예제/samples_ko/data/my-react/src/chap04/FormCheckMulti.js","statementMap":{"0":{"start":{"line":5,"column":26},"end":{"line":7,"column":4}},"1":{"start":{"line":10,"column":26},"end":{"line":23,"column":3}},"2":{"start":{"line":11,"column":15},"end":{"line":11,"column":26}},"3":{"start":{"line":13,"column":4},"end":{"line":17,"column":5}},"4":{"start":{"line":14,"column":6},"end":{"line":14,"column":30}},"5":{"start":{"line":16,"column":6},"end":{"line":16,"column":47}},"6":{"start":{"line":19,"column":4},"end":{"line":22,"column":7}},"7":{"start":{"line":26,"column":15},"end":{"line":28,"column":3}},"8":{"start":{"line":27,"column":4},"end":{"line":27,"column":42}},"9":{"start":{"line":31,"column":2},"end":{"line":58,"column":4}}},"fnMap":{"0":{"name":"FormCheckMulti","decl":{"start":{"line":3,"column":24},"end":{"line":3,"column":38}},"loc":{"start":{"line":3,"column":41},"end":{"line":59,"column":1}},"line":3},"1":{"name":"(anonymous_1)","decl":{"start":{"line":10,"column":26},"end":{"line":10,"column":27}},"loc":{"start":{"line":10,"column":31},"end":{"line":23,"column":3}},"line":10},"2":{"name":"(anonymous_2)","decl":{"start":{"line":26,"column":15},"end":{"line":26,"column":16}},"loc":{"start":{"line":26,"column":21},"end":{"line":28,"column":3}},"line":26}},"branchMap":{"0":{"loc":{"start":{"line":13,"column":4},"end":{"line":17,"column":5}},"type":"if","locations":[{"start":{"line":13,"column":4},"end":{"line":17,"column":5}},{"start":{"line":15,"column":11},"end":{"line":17,"column":5}}],"line":13}},"s":{"0":0,"1":0,"2":0,"3":0,"4":0,"5":0,"6":0,"7":0,"8":0,"9":0},"f":{"0":0,"1":0,"2":0},"b":{"0":[0,0]}}
,"/Users/gaheeyoon/Dropbox/YOONGAHEE/위키북스/99_리액트 입문/07_예제/samples_ko/data/my-react/src/chap04/FormFile.js": {"path":"/Users/gaheeyoon/Dropbox/YOONGAHEE/위키북스/99_리액트 입문/07_예제/samples_ko/data/my-react/src/chap04/FormFile.js","statementMap":{"0":{"start":{"line":5,"column":15},"end":{"line":5,"column":27}},"1":{"start":{"line":9,"column":15},"end":{"line":9,"column":33}},"2":{"start":{"line":11,"column":4},"end":{"line":15,"column":5}},"3":{"start":{"line":12,"column":6},"end":{"line":12,"column":35}},"4":{"start":{"line":13,"column":6},"end":{"line":13,"column":34}},"5":{"start":{"line":14,"column":6},"end":{"line":14,"column":55}},"6":{"start":{"line":18,"column":2},"end":{"line":24,"column":4}}},"fnMap":{"0":{"name":"FormFile","decl":{"start":{"line":3,"column":24},"end":{"line":3,"column":32}},"loc":{"start":{"line":3,"column":35},"end":{"line":25,"column":1}},"line":3},"1":{"name":"show","decl":{"start":{"line":8,"column":11},"end":{"line":8,"column":15}},"loc":{"start":{"line":8,"column":18},"end":{"line":16,"column":3}},"line":8}},"branchMap":{},"s":{"0":0,"1":0,"2":0,"3":0,"4":0,"5":0,"6":0},"f":{"0":0,"1":0},"b":{}}
,"/Users/gaheeyoon/Dropbox/YOONGAHEE/위키북스/99_리액트 입문/07_예제/samples_ko/data/my-react/src/chap04/FormList.js": {"path":"/Users/gaheeyoon/Dropbox/YOONGAHEE/위키북스/99_리액트 입문/07_예제/samples_ko/data/my-react/src/chap04/FormList.js","statementMap":{"0":{"start":{"line":5,"column":26},"end":{"line":7,"column":4}},"1":{"start":{"line":10,"column":25},"end":{"line":25,"column":3}},"2":{"start":{"line":12,"column":17},"end":{"line":12,"column":19}},"3":{"start":{"line":14,"column":17},"end":{"line":14,"column":33}},"4":{"start":{"line":15,"column":4},"end":{"line":19,"column":5}},"5":{"start":{"line":16,"column":6},"end":{"line":18,"column":7}},"6":{"start":{"line":17,"column":8},"end":{"line":17,"column":29}},"7":{"start":{"line":21,"column":4},"end":{"line":24,"column":7}},"8":{"start":{"line":28,"column":15},"end":{"line":30,"column":3}},"9":{"start":{"line":29,"column":4},"end":{"line":29,"column":42}},"10":{"start":{"line":32,"column":2},"end":{"line":46,"column":4}}},"fnMap":{"0":{"name":"FormList","decl":{"start":{"line":3,"column":24},"end":{"line":3,"column":32}},"loc":{"start":{"line":3,"column":35},"end":{"line":47,"column":1}},"line":3},"1":{"name":"(anonymous_1)","decl":{"start":{"line":10,"column":25},"end":{"line":10,"column":26}},"loc":{"start":{"line":10,"column":30},"end":{"line":25,"column":3}},"line":10},"2":{"name":"(anonymous_2)","decl":{"start":{"line":28,"column":15},"end":{"line":28,"column":16}},"loc":{"start":{"line":28,"column":21},"end":{"line":30,"column":3}},"line":28}},"branchMap":{"0":{"loc":{"start":{"line":16,"column":6},"end":{"line":18,"column":7}},"type":"if","locations":[{"start":{"line":16,"column":6},"end":{"line":18,"column":7}},{"start":{},"end":{}}],"line":16}},"s":{"0":0,"1":0,"2":0,"3":0,"4":0,"5":0,"6":0,"7":0,"8":0,"9":0,"10":0},"f":{"0":0,"1":0,"2":0},"b":{"0":[0,0]}}
,"/Users/gaheeyoon/Dropbox/YOONGAHEE/위키북스/99_리액트 입문/07_예제/samples_ko/data/my-react/src/chap04/FormRadio.js": {"path":"/Users/gaheeyoon/Dropbox/YOONGAHEE/위키북스/99_리액트 입문/07_예제/samples_ko/data/my-react/src/chap04/FormRadio.js","statementMap":{"0":{"start":{"line":5,"column":26},"end":{"line":7,"column":4}},"1":{"start":{"line":10,"column":21},"end":{"line":15,"column":3}},"2":{"start":{"line":11,"column":4},"end":{"line":14,"column":7}},"3":{"start":{"line":18,"column":15},"end":{"line":20,"column":3}},"4":{"start":{"line":19,"column":4},"end":{"line":19,"column":35}},"5":{"start":{"line":23,"column":2},"end":{"line":45,"column":4}}},"fnMap":{"0":{"name":"FormRadio","decl":{"start":{"line":3,"column":24},"end":{"line":3,"column":33}},"loc":{"start":{"line":3,"column":36},"end":{"line":46,"column":1}},"line":3},"1":{"name":"(anonymous_1)","decl":{"start":{"line":10,"column":21},"end":{"line":10,"column":22}},"loc":{"start":{"line":10,"column":26},"end":{"line":15,"column":3}},"line":10},"2":{"name":"(anonymous_2)","decl":{"start":{"line":18,"column":15},"end":{"line":18,"column":16}},"loc":{"start":{"line":18,"column":21},"end":{"line":20,"column":3}},"line":18}},"branchMap":{},"s":{"0":0,"1":0,"2":0,"3":0,"4":0,"5":0},"f":{"0":0,"1":0,"2":0},"b":{}}
,"/Users/gaheeyoon/Dropbox/YOONGAHEE/위키북스/99_리액트 입문/07_예제/samples_ko/data/my-react/src/chap04/FormSelect.js": {"path":"/Users/gaheeyoon/Dropbox/YOONGAHEE/위키북스/99_리액트 입문/07_예제/samples_ko/data/my-react/src/chap04/FormSelect.js","statementMap":{"0":{"start":{"line":5,"column":26},"end":{"line":7,"column":4}},"1":{"start":{"line":10,"column":21},"end":{"line":15,"column":3}},"2":{"start":{"line":11,"column":4},"end":{"line":14,"column":7}},"3":{"start":{"line":18,"column":15},"end":{"line":20,"column":3}},"4":{"start":{"line":19,"column":4},"end":{"line":19,"column":42}},"5":{"start":{"line":22,"column":2},"end":{"line":35,"column":4}}},"fnMap":{"0":{"name":"FormSelect","decl":{"start":{"line":3,"column":24},"end":{"line":3,"column":34}},"loc":{"start":{"line":3,"column":37},"end":{"line":36,"column":1}},"line":3},"1":{"name":"(anonymous_1)","decl":{"start":{"line":10,"column":21},"end":{"line":10,"column":22}},"loc":{"start":{"line":10,"column":26},"end":{"line":15,"column":3}},"line":10},"2":{"name":"(anonymous_2)","decl":{"start":{"line":18,"column":15},"end":{"line":18,"column":16}},"loc":{"start":{"line":18,"column":21},"end":{"line":20,"column":3}},"line":18}},"branchMap":{},"s":{"0":0,"1":0,"2":0,"3":0,"4":0,"5":0},"f":{"0":0,"1":0,"2":0},"b":{}}
,"/Users/gaheeyoon/Dropbox/YOONGAHEE/위키북스/99_리액트 입문/07_예제/samples_ko/data/my-react/src/chap04/FormTextarea.js": {"path":"/Users/gaheeyoon/Dropbox/YOONGAHEE/위키북스/99_리액트 입문/07_예제/samples_ko/data/my-react/src/chap04/FormTextarea.js","statementMap":{"0":{"start":{"line":5,"column":26},"end":{"line":7,"column":4}},"1":{"start":{"line":10,"column":21},"end":{"line":15,"column":3}},"2":{"start":{"line":11,"column":4},"end":{"line":14,"column":7}},"3":{"start":{"line":18,"column":15},"end":{"line":20,"column":3}},"4":{"start":{"line":19,"column":4},"end":{"line":19,"column":39}},"5":{"start":{"line":22,"column":2},"end":{"line":32,"column":4}}},"fnMap":{"0":{"name":"FormTextarea","decl":{"start":{"line":3,"column":24},"end":{"line":3,"column":36}},"loc":{"start":{"line":3,"column":39},"end":{"line":33,"column":1}},"line":3},"1":{"name":"(anonymous_1)","decl":{"start":{"line":10,"column":21},"end":{"line":10,"column":22}},"loc":{"start":{"line":10,"column":26},"end":{"line":15,"column":3}},"line":10},"2":{"name":"(anonymous_2)","decl":{"start":{"line":18,"column":15},"end":{"line":18,"column":16}},"loc":{"start":{"line":18,"column":21},"end":{"line":20,"column":3}},"line":18}},"branchMap":{},"s":{"0":0,"1":0,"2":0,"3":0,"4":0,"5":0},"f":{"0":0,"1":0,"2":0},"b":{}}
,"/Users/gaheeyoon/Dropbox/YOONGAHEE/위키북스/99_리액트 입문/07_예제/samples_ko/data/my-react/src/chap04/FormYup.js": {"path":"/Users/gaheeyoon/Dropbox/YOONGAHEE/위키북스/99_리액트 입문/07_예제/samples_ko/data/my-react/src/chap04/FormYup.js","statementMap":{"0":{"start":{"line":311,"column":0},"end":{"line":324,"column":3}},"1":{"start":{"line":312,"column":2},"end":{"line":323,"column":4}},"2":{"start":{"line":313,"column":19},"end":{"line":313,"column":53}},"3":{"start":{"line":315,"column":18},"end":{"line":315,"column":39}},"4":{"start":{"line":316,"column":6},"end":{"line":320,"column":7}},"5":{"start":{"line":317,"column":8},"end":{"line":319,"column":9}},"6":{"start":{"line":318,"column":10},"end":{"line":318,"column":23}},"7":{"start":{"line":321,"column":6},"end":{"line":321,"column":19}},"8":{"start":{"line":328,"column":15},"end":{"line":352,"column":2}},"9":{"start":{"line":356,"column":60},"end":{"line":365,"column":4}},"10":{"start":{"line":368,"column":19},"end":{"line":368,"column":44}},"11":{"start":{"line":368,"column":27},"end":{"line":368,"column":44}},"12":{"start":{"line":369,"column":18},"end":{"line":369,"column":41}},"13":{"start":{"line":369,"column":25},"end":{"line":369,"column":41}},"14":{"start":{"line":371,"column":2},"end":{"line":407,"column":4}}},"fnMap":{"0":{"name":"(anonymous_0)","decl":{"start":{"line":311,"column":32},"end":{"line":311,"column":33}},"loc":{"start":{"line":311,"column":43},"end":{"line":324,"column":1}},"line":311},"1":{"name":"(anonymous_1)","decl":{"start":{"line":313,"column":4},"end":{"line":313,"column":5}},"loc":{"start":{"line":313,"column":19},"end":{"line":313,"column":53}},"line":313},"2":{"name":"(anonymous_2)","decl":{"start":{"line":314,"column":4},"end":{"line":314,"column":5}},"loc":{"start":{"line":314,"column":13},"end":{"line":322,"column":5}},"line":314},"3":{"name":"FormYup","decl":{"start":{"line":355,"column":24},"end":{"line":355,"column":31}},"loc":{"start":{"line":355,"column":34},"end":{"line":408,"column":1}},"line":355},"4":{"name":"(anonymous_4)","decl":{"start":{"line":368,"column":19},"end":{"line":368,"column":20}},"loc":{"start":{"line":368,"column":27},"end":{"line":368,"column":44}},"line":368},"5":{"name":"(anonymous_5)","decl":{"start":{"line":369,"column":18},"end":{"line":369,"column":19}},"loc":{"start":{"line":369,"column":25},"end":{"line":369,"column":41}},"line":369}},"branchMap":{"0":{"loc":{"start":{"line":317,"column":8},"end":{"line":319,"column":9}},"type":"if","locations":[{"start":{"line":317,"column":8},"end":{"line":319,"column":9}},{"start":{},"end":{}}],"line":317}},"s":{"0":0,"1":0,"2":0,"3":0,"4":0,"5":0,"6":0,"7":0,"8":0,"9":0,"10":0,"11":0,"12":0,"13":0,"14":0},"f":{"0":0,"1":0,"2":0,"3":0,"4":0,"5":0},"b":{"0":[0,0]}}
,"/Users/gaheeyoon/Dropbox/YOONGAHEE/위키북스/99_리액트 입문/07_예제/samples_ko/data/my-react/src/chap04/FromKorean.js": {"path":"/Users/gaheeyoon/Dropbox/YOONGAHEE/위키북스/99_리액트 입문/07_예제/samples_ko/data/my-react/src/chap04/FromKorean.js","statementMap":{"0":{"start":{"line":5,"column":15},"end":{"line":25,"column":2}},"1":{"start":{"line":28,"column":60},"end":{"line":36,"column":4}},"2":{"start":{"line":37,"column":19},"end":{"line":37,"column":44}},"3":{"start":{"line":37,"column":27},"end":{"line":37,"column":44}},"4":{"start":{"line":38,"column":18},"end":{"line":38,"column":41}},"5":{"start":{"line":38,"column":25},"end":{"line":38,"column":41}},"6":{"start":{"line":40,"column":2},"end":{"line":76,"column":4}}},"fnMap":{"0":{"name":"FormYup","decl":{"start":{"line":27,"column":24},"end":{"line":27,"column":31}},"loc":{"start":{"line":27,"column":34},"end":{"line":77,"column":1}},"line":27},"1":{"name":"(anonymous_1)","decl":{"start":{"line":37,"column":19},"end":{"line":37,"column":20}},"loc":{"start":{"line":37,"column":27},"end":{"line":37,"column":44}},"line":37},"2":{"name":"(anonymous_2)","decl":{"start":{"line":38,"column":18},"end":{"line":38,"column":19}},"loc":{"start":{"line":38,"column":25},"end":{"line":38,"column":41}},"line":38}},"branchMap":{},"s":{"0":0,"1":0,"2":0,"3":0,"4":0,"5":0,"6":0},"f":{"0":0,"1":0,"2":0},"b":{}}
,"/Users/gaheeyoon/Dropbox/YOONGAHEE/위키북스/99_리액트 입문/07_예제/samples_ko/data/my-react/src/chap04/StateForm.js": {"path":"/Users/gaheeyoon/Dropbox/YOONGAHEE/위키북스/99_리액트 입문/07_예제/samples_ko/data/my-react/src/chap04/StateForm.js","statementMap":{"0":{"start":{"line":5,"column":26},"end":{"line":8,"column":4}},"1":{"start":{"line":11,"column":21},"end":{"line":16,"column":3}},"2":{"start":{"line":12,"column":4},"end":{"line":15,"column":7}},"3":{"start":{"line":19,"column":15},"end":{"line":21,"column":3}},"4":{"start":{"line":20,"column":4},"end":{"line":20,"column":56}},"5":{"start":{"line":23,"column":2},"end":{"line":42,"column":4}}},"fnMap":{"0":{"name":"StateForm","decl":{"start":{"line":3,"column":24},"end":{"line":3,"column":33}},"loc":{"start":{"line":3,"column":36},"end":{"line":43,"column":1}},"line":3},"1":{"name":"(anonymous_1)","decl":{"start":{"line":11,"column":21},"end":{"line":11,"column":22}},"loc":{"start":{"line":11,"column":26},"end":{"line":16,"column":3}},"line":11},"2":{"name":"(anonymous_2)","decl":{"start":{"line":19,"column":15},"end":{"line":19,"column":16}},"loc":{"start":{"line":19,"column":21},"end":{"line":21,"column":3}},"line":19}},"branchMap":{},"s":{"0":0,"1":0,"2":0,"3":0,"4":0,"5":0},"f":{"0":0,"1":0,"2":0},"b":{}}
,"/Users/gaheeyoon/Dropbox/YOONGAHEE/위키북스/99_리액트 입문/07_예제/samples_ko/data/my-react/src/chap04/StateFormUC.js": {"path":"/Users/gaheeyoon/Dropbox/YOONGAHEE/위키북스/99_리액트 입문/07_예제/samples_ko/data/my-react/src/chap04/StateFormUC.js","statementMap":{"0":{"start":{"line":5,"column":15},"end":{"line":5,"column":27}},"1":{"start":{"line":6,"column":14},"end":{"line":6,"column":26}},"2":{"start":{"line":9,"column":15},"end":{"line":11,"column":3}},"3":{"start":{"line":10,"column":4},"end":{"line":10,"column":74}},"4":{"start":{"line":14,"column":2},"end":{"line":32,"column":4}}},"fnMap":{"0":{"name":"StateFormUC","decl":{"start":{"line":3,"column":24},"end":{"line":3,"column":35}},"loc":{"start":{"line":3,"column":38},"end":{"line":33,"column":1}},"line":3},"1":{"name":"(anonymous_1)","decl":{"start":{"line":9,"column":15},"end":{"line":9,"column":16}},"loc":{"start":{"line":9,"column":21},"end":{"line":11,"column":3}},"line":9}},"branchMap":{},"s":{"0":0,"1":0,"2":0,"3":0,"4":0},"f":{"0":0,"1":0},"b":{}}
,"/Users/gaheeyoon/Dropbox/YOONGAHEE/위키북스/99_리액트 입문/07_예제/samples_ko/data/my-react/src/chap04/StateNest.js": {"path":"/Users/gaheeyoon/Dropbox/YOONGAHEE/위키북스/99_리액트 입문/07_예제/samples_ko/data/my-react/src/chap04/StateNest.js","statementMap":{"0":{"start":{"line":5,"column":26},"end":{"line":11,"column":4}},"1":{"start":{"line":14,"column":21},"end":{"line":19,"column":3}},"2":{"start":{"line":15,"column":4},"end":{"line":18,"column":7}},"3":{"start":{"line":22,"column":25},"end":{"line":30,"column":3}},"4":{"start":{"line":23,"column":4},"end":{"line":29,"column":7}},"5":{"start":{"line":33,"column":15},"end":{"line":35,"column":3}},"6":{"start":{"line":34,"column":4},"end":{"line":34,"column":73}},"7":{"start":{"line":37,"column":2},"end":{"line":59,"column":4}}},"fnMap":{"0":{"name":"StateNest","decl":{"start":{"line":3,"column":24},"end":{"line":3,"column":33}},"loc":{"start":{"line":3,"column":36},"end":{"line":60,"column":1}},"line":3},"1":{"name":"(anonymous_1)","decl":{"start":{"line":14,"column":21},"end":{"line":14,"column":22}},"loc":{"start":{"line":14,"column":26},"end":{"line":19,"column":3}},"line":14},"2":{"name":"(anonymous_2)","decl":{"start":{"line":22,"column":25},"end":{"line":22,"column":26}},"loc":{"start":{"line":22,"column":30},"end":{"line":30,"column":3}},"line":22},"3":{"name":"(anonymous_3)","decl":{"start":{"line":33,"column":15},"end":{"line":33,"column":16}},"loc":{"start":{"line":33,"column":21},"end":{"line":35,"column":3}},"line":33}},"branchMap":{},"s":{"0":0,"1":0,"2":0,"3":0,"4":0,"5":0,"6":0,"7":0},"f":{"0":0,"1":0,"2":0,"3":0},"b":{}}
,"/Users/gaheeyoon/Dropbox/YOONGAHEE/위키북스/99_리액트 입문/07_예제/samples_ko/data/my-react/src/chap04/StateNestImmer.js": {"path":"/Users/gaheeyoon/Dropbox/YOONGAHEE/위키북스/99_리액트 입문/07_예제/samples_ko/data/my-react/src/chap04/StateNestImmer.js","statementMap":{"0":{"start":{"line":5,"column":26},"end":{"line":11,"column":4}},"1":{"start":{"line":14,"column":21},"end":{"line":18,"column":3}},"2":{"start":{"line":15,"column":4},"end":{"line":17,"column":7}},"3":{"start":{"line":16,"column":6},"end":{"line":16,"column":43}},"4":{"start":{"line":21,"column":25},"end":{"line":25,"column":3}},"5":{"start":{"line":22,"column":4},"end":{"line":24,"column":7}},"6":{"start":{"line":23,"column":6},"end":{"line":23,"column":51}},"7":{"start":{"line":27,"column":15},"end":{"line":29,"column":3}},"8":{"start":{"line":28,"column":4},"end":{"line":28,"column":73}},"9":{"start":{"line":31,"column":2},"end":{"line":53,"column":4}}},"fnMap":{"0":{"name":"StateNestImmer","decl":{"start":{"line":3,"column":24},"end":{"line":3,"column":38}},"loc":{"start":{"line":3,"column":41},"end":{"line":54,"column":1}},"line":3},"1":{"name":"(anonymous_1)","decl":{"start":{"line":14,"column":21},"end":{"line":14,"column":22}},"loc":{"start":{"line":14,"column":26},"end":{"line":18,"column":3}},"line":14},"2":{"name":"(anonymous_2)","decl":{"start":{"line":15,"column":12},"end":{"line":15,"column":13}},"loc":{"start":{"line":15,"column":20},"end":{"line":17,"column":5}},"line":15},"3":{"name":"(anonymous_3)","decl":{"start":{"line":21,"column":25},"end":{"line":21,"column":26}},"loc":{"start":{"line":21,"column":30},"end":{"line":25,"column":3}},"line":21},"4":{"name":"(anonymous_4)","decl":{"start":{"line":22,"column":12},"end":{"line":22,"column":13}},"loc":{"start":{"line":22,"column":20},"end":{"line":24,"column":5}},"line":22},"5":{"name":"(anonymous_5)","decl":{"start":{"line":27,"column":15},"end":{"line":27,"column":16}},"loc":{"start":{"line":27,"column":21},"end":{"line":29,"column":3}},"line":27}},"branchMap":{},"s":{"0":0,"1":0,"2":0,"3":0,"4":0,"5":0,"6":0,"7":0,"8":0,"9":0},"f":{"0":0,"1":0,"2":0,"3":0,"4":0,"5":0},"b":{}}
,"/Users/gaheeyoon/Dropbox/YOONGAHEE/위키북스/99_리액트 입문/07_예제/samples_ko/data/my-react/src/chap04/StateNestImmer2.js": {"path":"/Users/gaheeyoon/Dropbox/YOONGAHEE/위키북스/99_리액트 입문/07_예제/samples_ko/data/my-react/src/chap04/StateNestImmer2.js","statementMap":{"0":{"start":{"line":4,"column":26},"end":{"line":10,"column":4}},"1":{"start":{"line":12,"column":21},"end":{"line":23,"column":3}},"2":{"start":{"line":14,"column":15},"end":{"line":14,"column":39}},"3":{"start":{"line":15,"column":4},"end":{"line":22,"column":7}},"4":{"start":{"line":17,"column":6},"end":{"line":21,"column":7}},"5":{"start":{"line":18,"column":8},"end":{"line":18,"column":37}},"6":{"start":{"line":20,"column":8},"end":{"line":20,"column":44}},"7":{"start":{"line":25,"column":15},"end":{"line":27,"column":3}},"8":{"start":{"line":26,"column":4},"end":{"line":26,"column":81}},"9":{"start":{"line":29,"column":2},"end":{"line":51,"column":4}}},"fnMap":{"0":{"name":"StateNestImmer2","decl":{"start":{"line":3,"column":24},"end":{"line":3,"column":39}},"loc":{"start":{"line":3,"column":42},"end":{"line":52,"column":1}},"line":3},"1":{"name":"(anonymous_1)","decl":{"start":{"line":12,"column":21},"end":{"line":12,"column":22}},"loc":{"start":{"line":12,"column":26},"end":{"line":23,"column":3}},"line":12},"2":{"name":"(anonymous_2)","decl":{"start":{"line":15,"column":12},"end":{"line":15,"column":13}},"loc":{"start":{"line":15,"column":20},"end":{"line":22,"column":5}},"line":15},"3":{"name":"(anonymous_3)","decl":{"start":{"line":25,"column":15},"end":{"line":25,"column":16}},"loc":{"start":{"line":25,"column":21},"end":{"line":27,"column":3}},"line":25}},"branchMap":{"0":{"loc":{"start":{"line":17,"column":6},"end":{"line":21,"column":7}},"type":"if","locations":[{"start":{"line":17,"column":6},"end":{"line":21,"column":7}},{"start":{"line":19,"column":13},"end":{"line":21,"column":7}}],"line":17}},"s":{"0":0,"1":0,"2":0,"3":0,"4":0,"5":0,"6":0,"7":0,"8":0,"9":0},"f":{"0":0,"1":0,"2":0,"3":0},"b":{"0":[0,0]}}
,"/Users/gaheeyoon/Dropbox/YOONGAHEE/위키북스/99_리액트 입문/07_예제/samples_ko/data/my-react/src/chap04/StateTodo.js": {"path":"/Users/gaheeyoon/Dropbox/YOONGAHEE/위키북스/99_리액트 입문/07_예제/samples_ko/data/my-react/src/chap04/StateTodo.js","statementMap":{"0":{"start":{"line":5,"column":12},"end":{"line":5,"column":13}},"1":{"start":{"line":8,"column":28},"end":{"line":8,"column":40}},"2":{"start":{"line":9,"column":26},"end":{"line":9,"column":38}},"3":{"start":{"line":12,"column":28},"end":{"line":14,"column":3}},"4":{"start":{"line":13,"column":4},"end":{"line":13,"column":29}},"5":{"start":{"line":16,"column":22},"end":{"line":27,"column":3}},"6":{"start":{"line":18,"column":4},"end":{"line":26,"column":7}},"7":{"start":{"line":29,"column":2},"end":{"line":46,"column":4}},"8":{"start":{"line":42,"column":10},"end":{"line":42,"column":45}}},"fnMap":{"0":{"name":"StateTodo","decl":{"start":{"line":6,"column":24},"end":{"line":6,"column":33}},"loc":{"start":{"line":6,"column":36},"end":{"line":47,"column":1}},"line":6},"1":{"name":"(anonymous_1)","decl":{"start":{"line":12,"column":28},"end":{"line":12,"column":29}},"loc":{"start":{"line":12,"column":33},"end":{"line":14,"column":3}},"line":12},"2":{"name":"(anonymous_2)","decl":{"start":{"line":16,"column":22},"end":{"line":16,"column":23}},"loc":{"start":{"line":16,"column":28},"end":{"line":27,"column":3}},"line":16},"3":{"name":"(anonymous_3)","decl":{"start":{"line":41,"column":18},"end":{"line":41,"column":19}},"loc":{"start":{"line":42,"column":10},"end":{"line":42,"column":45}},"line":42}},"branchMap":{},"s":{"0":0,"1":0,"2":0,"3":0,"4":0,"5":0,"6":0,"7":0,"8":0},"f":{"0":0,"1":0,"2":0,"3":0},"b":{}}
,"/Users/gaheeyoon/Dropbox/YOONGAHEE/위키북스/99_리액트 입문/07_예제/samples_ko/data/my-react/src/chap04/yup.kr.js": {"path":"/Users/gaheeyoon/Dropbox/YOONGAHEE/위키북스/99_리액트 입문/07_예제/samples_ko/data/my-react/src/chap04/yup.kr.js","statementMap":{"0":{"start":{"line":4,"column":17},"end":{"line":30,"column":1}},"1":{"start":{"line":6,"column":23},"end":{"line":6,"column":49}},"2":{"start":{"line":7,"column":20},"end":{"line":7,"column":67}},"3":{"start":{"line":10,"column":21},"end":{"line":10,"column":65}},"4":{"start":{"line":11,"column":18},"end":{"line":11,"column":63}},"5":{"start":{"line":12,"column":18},"end":{"line":12,"column":62}},"6":{"start":{"line":13,"column":22},"end":{"line":13,"column":70}},"7":{"start":{"line":14,"column":20},"end":{"line":14,"column":57}},"8":{"start":{"line":15,"column":18},"end":{"line":15,"column":52}},"9":{"start":{"line":18,"column":18},"end":{"line":18,"column":61}},"10":{"start":{"line":19,"column":18},"end":{"line":19,"column":60}},"11":{"start":{"line":20,"column":23},"end":{"line":20,"column":67}},"12":{"start":{"line":21,"column":23},"end":{"line":21,"column":66}},"13":{"start":{"line":22,"column":23},"end":{"line":22,"column":52}},"14":{"start":{"line":23,"column":23},"end":{"line":23,"column":52}},"15":{"start":{"line":24,"column":22},"end":{"line":24,"column":51}},"16":{"start":{"line":27,"column":18},"end":{"line":27,"column":62}},"17":{"start":{"line":28,"column":18},"end":{"line":28,"column":63}},"18":{"start":{"line":33,"column":0},"end":{"line":33,"column":24}}},"fnMap":{"0":{"name":"(anonymous_0)","decl":{"start":{"line":6,"column":14},"end":{"line":6,"column":15}},"loc":{"start":{"line":6,"column":23},"end":{"line":6,"column":49}},"line":6},"1":{"name":"(anonymous_1)","decl":{"start":{"line":7,"column":11},"end":{"line":7,"column":12}},"loc":{"start":{"line":7,"column":20},"end":{"line":7,"column":67}},"line":7},"2":{"name":"(anonymous_2)","decl":{"start":{"line":10,"column":12},"end":{"line":10,"column":13}},"loc":{"start":{"line":10,"column":21},"end":{"line":10,"column":65}},"line":10},"3":{"name":"(anonymous_3)","decl":{"start":{"line":11,"column":9},"end":{"line":11,"column":10}},"loc":{"start":{"line":11,"column":18},"end":{"line":11,"column":63}},"line":11},"4":{"name":"(anonymous_4)","decl":{"start":{"line":12,"column":9},"end":{"line":12,"column":10}},"loc":{"start":{"line":12,"column":18},"end":{"line":12,"column":62}},"line":12},"5":{"name":"(anonymous_5)","decl":{"start":{"line":13,"column":13},"end":{"line":13,"column":14}},"loc":{"start":{"line":13,"column":22},"end":{"line":13,"column":70}},"line":13},"6":{"name":"(anonymous_6)","decl":{"start":{"line":14,"column":11},"end":{"line":14,"column":12}},"loc":{"start":{"line":14,"column":20},"end":{"line":14,"column":57}},"line":14},"7":{"name":"(anonymous_7)","decl":{"start":{"line":15,"column":9},"end":{"line":15,"column":10}},"loc":{"start":{"line":15,"column":18},"end":{"line":15,"column":52}},"line":15},"8":{"name":"(anonymous_8)","decl":{"start":{"line":18,"column":9},"end":{"line":18,"column":10}},"loc":{"start":{"line":18,"column":18},"end":{"line":18,"column":61}},"line":18},"9":{"name":"(anonymous_9)","decl":{"start":{"line":19,"column":9},"end":{"line":19,"column":10}},"loc":{"start":{"line":19,"column":18},"end":{"line":19,"column":60}},"line":19},"10":{"name":"(anonymous_10)","decl":{"start":{"line":20,"column":14},"end":{"line":20,"column":15}},"loc":{"start":{"line":20,"column":23},"end":{"line":20,"column":67}},"line":20},"11":{"name":"(anonymous_11)","decl":{"start":{"line":21,"column":14},"end":{"line":21,"column":15}},"loc":{"start":{"line":21,"column":23},"end":{"line":21,"column":66}},"line":21},"12":{"name":"(anonymous_12)","decl":{"start":{"line":22,"column":14},"end":{"line":22,"column":15}},"loc":{"start":{"line":22,"column":23},"end":{"line":22,"column":52}},"line":22},"13":{"name":"(anonymous_13)","decl":{"start":{"line":23,"column":14},"end":{"line":23,"column":15}},"loc":{"start":{"line":23,"column":23},"end":{"line":23,"column":52}},"line":23},"14":{"name":"(anonymous_14)","decl":{"start":{"line":24,"column":13},"end":{"line":24,"column":14}},"loc":{"start":{"line":24,"column":22},"end":{"line":24,"column":51}},"line":24},"15":{"name":"(anonymous_15)","decl":{"start":{"line":27,"column":9},"end":{"line":27,"column":10}},"loc":{"start":{"line":27,"column":18},"end":{"line":27,"column":62}},"line":27},"16":{"name":"(anonymous_16)","decl":{"start":{"line":28,"column":9},"end":{"line":28,"column":10}},"loc":{"start":{"line":28,"column":18},"end":{"line":28,"column":63}},"line":28}},"branchMap":{},"s":{"0":0,"1":0,"2":0,"3":0,"4":0,"5":0,"6":0,"7":0,"8":0,"9":0,"10":0,"11":0,"12":0,"13":0,"14":0,"15":0,"16":0,"17":0,"18":0},"f":{"0":0,"1":0,"2":0,"3":0,"4":0,"5":0,"6":0,"7":0,"8":0,"9":0,"10":0,"11":0,"12":0,"13":0,"14":0,"15":0,"16":0},"b":{}}
,"/Users/gaheeyoon/Dropbox/YOONGAHEE/위키북스/99_리액트 입문/07_예제/samples_ko/data/my-react/src/chap05/EmotionComp.js": {"path":"/Users/gaheeyoon/Dropbox/YOONGAHEE/위키북스/99_리액트 입문/07_예제/samples_ko/data/my-react/src/chap05/EmotionComp.js","statementMap":{"0":{"start":{"line":5,"column":16},"end":{"line":12,"column":1}},"1":{"start":{"line":15,"column":2},"end":{"line":18,"column":4}}},"fnMap":{"0":{"name":"EmotionComp","decl":{"start":{"line":14,"column":24},"end":{"line":14,"column":35}},"loc":{"start":{"line":14,"column":38},"end":{"line":19,"column":1}},"line":14}},"branchMap":{},"s":{"0":0,"1":0},"f":{"0":0},"b":{}}
,"/Users/gaheeyoon/Dropbox/YOONGAHEE/위키북스/99_리액트 입문/07_예제/samples_ko/data/my-react/src/chap05/EmotionJsx.js": {"path":"/Users/gaheeyoon/Dropbox/YOONGAHEE/위키북스/99_리액트 입문/07_예제/samples_ko/data/my-react/src/chap05/EmotionJsx.js","statementMap":{"0":{"start":{"line":5,"column":17},"end":{"line":12,"column":3}},"1":{"start":{"line":14,"column":2},"end":{"line":16,"column":4}}},"fnMap":{"0":{"name":"EmotionJsx","decl":{"start":{"line":4,"column":24},"end":{"line":4,"column":34}},"loc":{"start":{"line":4,"column":37},"end":{"line":17,"column":1}},"line":4}},"branchMap":{},"s":{"0":0,"1":0},"f":{"0":0},"b":{}}
,"/Users/gaheeyoon/Dropbox/YOONGAHEE/위키북스/99_리액트 입문/07_예제/samples_ko/data/my-react/src/chap05/ErrorEvent.js": {"path":"/Users/gaheeyoon/Dropbox/YOONGAHEE/위키북스/99_리액트 입문/07_예제/samples_ko/data/my-react/src/chap05/ErrorEvent.js","statementMap":{"0":{"start":{"line":2,"column":22},"end":{"line":4,"column":3}},"1":{"start":{"line":3,"column":4},"end":{"line":3,"column":50}},"2":{"start":{"line":5,"column":2},"end":{"line":9,"column":4}}},"fnMap":{"0":{"name":"ErrorEvent","decl":{"start":{"line":1,"column":24},"end":{"line":1,"column":34}},"loc":{"start":{"line":1,"column":37},"end":{"line":10,"column":1}},"line":1},"1":{"name":"(anonymous_1)","decl":{"start":{"line":2,"column":22},"end":{"line":2,"column":23}},"loc":{"start":{"line":2,"column":28},"end":{"line":4,"column":3}},"line":2}},"branchMap":{},"s":{"0":0,"1":0,"2":0},"f":{"0":0,"1":0},"b":{}}
,"/Users/gaheeyoon/Dropbox/YOONGAHEE/위키북스/99_리액트 입문/07_예제/samples_ko/data/my-react/src/chap05/ErrorEventRoot.js": {"path":"/Users/gaheeyoon/Dropbox/YOONGAHEE/위키북스/99_리액트 입문/07_예제/samples_ko/data/my-react/src/chap05/ErrorEventRoot.js","statementMap":{"0":{"start":{"line":5,"column":25},"end":{"line":16,"column":3}},"1":{"start":{"line":6,"column":24},"end":{"line":6,"column":50}},"2":{"start":{"line":6,"column":30},"end":{"line":6,"column":50}},"3":{"start":{"line":7,"column":4},"end":{"line":15,"column":6}},"4":{"start":{"line":17,"column":22},"end":{"line":17,"column":50}},"5":{"start":{"line":17,"column":28},"end":{"line":17,"column":50}},"6":{"start":{"line":18,"column":2},"end":{"line":27,"column":4}}},"fnMap":{"0":{"name":"ErrorEventRoot","decl":{"start":{"line":4,"column":24},"end":{"line":4,"column":38}},"loc":{"start":{"line":4,"column":41},"end":{"line":28,"column":1}},"line":4},"1":{"name":"(anonymous_1)","decl":{"start":{"line":5,"column":25},"end":{"line":5,"column":26}},"loc":{"start":{"line":5,"column":60},"end":{"line":16,"column":3}},"line":5},"2":{"name":"(anonymous_2)","decl":{"start":{"line":6,"column":24},"end":{"line":6,"column":25}},"loc":{"start":{"line":6,"column":30},"end":{"line":6,"column":50}},"line":6},"3":{"name":"(anonymous_3)","decl":{"start":{"line":17,"column":22},"end":{"line":17,"column":23}},"loc":{"start":{"line":17,"column":28},"end":{"line":17,"column":50}},"line":17}},"branchMap":{},"s":{"0":0,"1":0,"2":0,"3":0,"4":0,"5":0,"6":0},"f":{"0":0,"1":0,"2":0,"3":0},"b":{}}
,"/Users/gaheeyoon/Dropbox/YOONGAHEE/위키북스/99_리액트 입문/07_예제/samples_ko/data/my-react/src/chap05/ErrorFallback.js": {"path":"/Users/gaheeyoon/Dropbox/YOONGAHEE/위키북스/99_리액트 입문/07_예제/samples_ko/data/my-react/src/chap05/ErrorFallback.js","statementMap":{"0":{"start":{"line":2,"column":22},"end":{"line":2,"column":48}},"1":{"start":{"line":2,"column":28},"end":{"line":2,"column":48}},"2":{"start":{"line":3,"column":2},"end":{"line":11,"column":4}}},"fnMap":{"0":{"name":"ErrorFallback","decl":{"start":{"line":1,"column":24},"end":{"line":1,"column":37}},"loc":{"start":{"line":1,"column":69},"end":{"line":12,"column":1}},"line":1},"1":{"name":"(anonymous_1)","decl":{"start":{"line":2,"column":22},"end":{"line":2,"column":23}},"loc":{"start":{"line":2,"column":28},"end":{"line":2,"column":48}},"line":2}},"branchMap":{},"s":{"0":0,"1":0,"2":0},"f":{"0":0,"1":0},"b":{}}
,"/Users/gaheeyoon/Dropbox/YOONGAHEE/위키북스/99_리액트 입문/07_예제/samples_ko/data/my-react/src/chap05/ErrorRetryRoot.js": {"path":"/Users/gaheeyoon/Dropbox/YOONGAHEE/위키북스/99_리액트 입문/07_예제/samples_ko/data/my-react/src/chap05/ErrorRetryRoot.js","statementMap":{"0":{"start":{"line":6,"column":25},"end":{"line":17,"column":3}},"1":{"start":{"line":7,"column":24},"end":{"line":7,"column":50}},"2":{"start":{"line":7,"column":30},"end":{"line":7,"column":50}},"3":{"start":{"line":8,"column":4},"end":{"line":16,"column":6}},"4":{"start":{"line":19,"column":22},"end":{"line":19,"column":50}},"5":{"start":{"line":19,"column":28},"end":{"line":19,"column":50}},"6":{"start":{"line":21,"column":2},"end":{"line":31,"column":4}}},"fnMap":{"0":{"name":"ErrorRetryRoot","decl":{"start":{"line":4,"column":24},"end":{"line":4,"column":38}},"loc":{"start":{"line":4,"column":41},"end":{"line":32,"column":1}},"line":4},"1":{"name":"(anonymous_1)","decl":{"start":{"line":6,"column":25},"end":{"line":6,"column":26}},"loc":{"start":{"line":6,"column":60},"end":{"line":17,"column":3}},"line":6},"2":{"name":"(anonymous_2)","decl":{"start":{"line":7,"column":24},"end":{"line":7,"column":25}},"loc":{"start":{"line":7,"column":30},"end":{"line":7,"column":50}},"line":7},"3":{"name":"(anonymous_3)","decl":{"start":{"line":19,"column":22},"end":{"line":19,"column":23}},"loc":{"start":{"line":19,"column":28},"end":{"line":19,"column":50}},"line":19}},"branchMap":{},"s":{"0":0,"1":0,"2":0,"3":0,"4":0,"5":0,"6":0},"f":{"0":0,"1":0,"2":0,"3":0},"b":{}}
,"/Users/gaheeyoon/Dropbox/YOONGAHEE/위키북스/99_리액트 입문/07_예제/samples_ko/data/my-react/src/chap05/ErrorRetryThrow.js": {"path":"/Users/gaheeyoon/Dropbox/YOONGAHEE/위키북스/99_리액트 입문/07_예제/samples_ko/data/my-react/src/chap05/ErrorRetryThrow.js","statementMap":{"0":{"start":{"line":3,"column":2},"end":{"line":5,"column":3}},"1":{"start":{"line":4,"column":4},"end":{"line":4,"column":50}},"2":{"start":{"line":6,"column":2},"end":{"line":8,"column":4}}},"fnMap":{"0":{"name":"ErrorRetryThrow","decl":{"start":{"line":1,"column":24},"end":{"line":1,"column":39}},"loc":{"start":{"line":1,"column":42},"end":{"line":9,"column":1}},"line":1}},"branchMap":{"0":{"loc":{"start":{"line":3,"column":2},"end":{"line":5,"column":3}},"type":"if","locations":[{"start":{"line":3,"column":2},"end":{"line":5,"column":3}},{"start":{},"end":{}}],"line":3}},"s":{"0":0,"1":0,"2":0},"f":{"0":0},"b":{"0":[0,0]}}
,"/Users/gaheeyoon/Dropbox/YOONGAHEE/위키북스/99_리액트 입문/07_예제/samples_ko/data/my-react/src/chap05/ErrorRoot.js": {"path":"/Users/gaheeyoon/Dropbox/YOONGAHEE/위키북스/99_리액트 입문/07_예제/samples_ko/data/my-react/src/chap05/ErrorRoot.js","statementMap":{"0":{"start":{"line":5,"column":2},"end":{"line":12,"column":4}}},"fnMap":{"0":{"name":"ErrorRoot","decl":{"start":{"line":4,"column":24},"end":{"line":4,"column":33}},"loc":{"start":{"line":4,"column":36},"end":{"line":13,"column":1}},"line":4}},"branchMap":{},"s":{"0":0},"f":{"0":0},"b":{}}
,"/Users/gaheeyoon/Dropbox/YOONGAHEE/위키북스/99_리액트 입문/07_예제/samples_ko/data/my-react/src/chap05/ErrorThrow.js": {"path":"/Users/gaheeyoon/Dropbox/YOONGAHEE/위키북스/99_리액트 입문/07_예제/samples_ko/data/my-react/src/chap05/ErrorThrow.js","statementMap":{"0":{"start":{"line":3,"column":2},"end":{"line":3,"column":48}},"1":{"start":{"line":4,"column":2},"end":{"line":6,"column":4}}},"fnMap":{"0":{"name":"ErrorThrow","decl":{"start":{"line":1,"column":24},"end":{"line":1,"column":34}},"loc":{"start":{"line":1,"column":37},"end":{"line":7,"column":1}},"line":1}},"branchMap":{},"s":{"0":0,"1":0},"f":{"0":0},"b":{}}
,"/Users/gaheeyoon/Dropbox/YOONGAHEE/위키북스/99_리액트 입문/07_예제/samples_ko/data/my-react/src/chap05/HeavyUI.js": {"path":"/Users/gaheeyoon/Dropbox/YOONGAHEE/위키북스/99_리액트 입문/07_예제/samples_ko/data/my-react/src/chap05/HeavyUI.js","statementMap":{"0":{"start":{"line":2,"column":14},"end":{"line":2,"column":24}},"1":{"start":{"line":3,"column":2},"end":{"line":3,"column":37}},"2":{"start":{"line":8,"column":2},"end":{"line":8,"column":15}},"3":{"start":{"line":9,"column":2},"end":{"line":9,"column":34}}},"fnMap":{"0":{"name":"sleep","decl":{"start":{"line":1,"column":9},"end":{"line":1,"column":14}},"loc":{"start":{"line":1,"column":22},"end":{"line":4,"column":1}},"line":1},"1":{"name":"HeavyUI","decl":{"start":{"line":7,"column":24},"end":{"line":7,"column":31}},"loc":{"start":{"line":7,"column":43},"end":{"line":10,"column":1}},"line":7}},"branchMap":{},"s":{"0":0,"1":0,"2":0,"3":0},"f":{"0":0,"1":0},"b":{}}
,"/Users/gaheeyoon/Dropbox/YOONGAHEE/위키북스/99_리액트 입문/07_예제/samples_ko/data/my-react/src/chap05/LazyBasic.js": {"path":"/Users/gaheeyoon/Dropbox/YOONGAHEE/위키북스/99_리액트 입문/07_예제/samples_ko/data/my-react/src/chap05/LazyBasic.js","statementMap":{"0":{"start":{"line":4,"column":14},"end":{"line":4,"column":67}},"1":{"start":{"line":4,"column":20},"end":{"line":4,"column":67}},"2":{"start":{"line":4,"column":43},"end":{"line":4,"column":66}},"3":{"start":{"line":6,"column":19},"end":{"line":6,"column":77}},"4":{"start":{"line":6,"column":30},"end":{"line":6,"column":76}},"5":{"start":{"line":6,"column":53},"end":{"line":6,"column":75}},"6":{"start":{"line":10,"column":2},"end":{"line":14,"column":4}}},"fnMap":{"0":{"name":"(anonymous_0)","decl":{"start":{"line":4,"column":14},"end":{"line":4,"column":15}},"loc":{"start":{"line":4,"column":20},"end":{"line":4,"column":67}},"line":4},"1":{"name":"(anonymous_1)","decl":{"start":{"line":4,"column":32},"end":{"line":4,"column":33}},"loc":{"start":{"line":4,"column":43},"end":{"line":4,"column":66}},"line":4},"2":{"name":"(anonymous_2)","decl":{"start":{"line":6,"column":24},"end":{"line":6,"column":25}},"loc":{"start":{"line":6,"column":30},"end":{"line":6,"column":76}},"line":6},"3":{"name":"(anonymous_3)","decl":{"start":{"line":6,"column":47},"end":{"line":6,"column":48}},"loc":{"start":{"line":6,"column":53},"end":{"line":6,"column":75}},"line":6},"4":{"name":"LazyBasic","decl":{"start":{"line":8,"column":24},"end":{"line":8,"column":33}},"loc":{"start":{"line":8,"column":36},"end":{"line":15,"column":1}},"line":8}},"branchMap":{},"s":{"0":0,"1":0,"2":0,"3":0,"4":0,"5":0,"6":0},"f":{"0":0,"1":0,"2":0,"3":0,"4":0},"b":{}}
,"/Users/gaheeyoon/Dropbox/YOONGAHEE/위키북스/99_리액트 입문/07_예제/samples_ko/data/my-react/src/chap05/LazyButton.js": {"path":"/Users/gaheeyoon/Dropbox/YOONGAHEE/위키북스/99_리액트 입문/07_예제/samples_ko/data/my-react/src/chap05/LazyButton.js","statementMap":{"0":{"start":{"line":2,"column":2},"end":{"line":6,"column":4}}},"fnMap":{"0":{"name":"LazyButton","decl":{"start":{"line":1,"column":24},"end":{"line":1,"column":34}},"loc":{"start":{"line":1,"column":37},"end":{"line":7,"column":1}},"line":1}},"branchMap":{},"s":{"0":0},"f":{"0":0},"b":{}}
,"/Users/gaheeyoon/Dropbox/YOONGAHEE/위키북스/99_리액트 입문/07_예제/samples_ko/data/my-react/src/chap05/LazyButton2.js": {"path":"/Users/gaheeyoon/Dropbox/YOONGAHEE/위키북스/99_리액트 입문/07_예제/samples_ko/data/my-react/src/chap05/LazyButton2.js","statementMap":{"0":{"start":{"line":2,"column":2},"end":{"line":6,"column":4}}},"fnMap":{"0":{"name":"LazyButton2","decl":{"start":{"line":1,"column":24},"end":{"line":1,"column":35}},"loc":{"start":{"line":1,"column":38},"end":{"line":7,"column":1}},"line":1}},"branchMap":{},"s":{"0":0},"f":{"0":0},"b":{}}
[...]
,"/Users/gaheeyoon/Dropbox/YOONGAHEE/위키북스/99_리액트 입문/07_예제/samples_ko/data/my-react/src/chap08/WeatherPage.js": {"path":"/Users/gaheeyoon/Dropbox/YOONGAHEE/위키북스/99_리액트 입문/07_예제/samples_ko/data/my-react/src/chap08/WeatherPage.js","statementMap":{"0":{"start":{"line":5,"column":16},"end":{"line":5,"column":31}},"1":{"start":{"line":6,"column":2},"end":{"line":12,"column":4}}},"fnMap":{"0":{"name":"WeatherPage","decl":{"start":{"line":3,"column":24},"end":{"line":3,"column":35}},"loc":{"start":{"line":3,"column":38},"end":{"line":13,"column":1}},"line":3}},"branchMap":{},"s":{"0":0,"1":0},"f":{"0":0},"b":{}}
,"/Users/gaheeyoon/Dropbox/YOONGAHEE/위키북스/99_리액트 입문/07_예제/samples_ko/data/my-react/src/chap08/books.js": {"path":"/Users/gaheeyoon/Dropbox/YOONGAHEE/위키북스/99_리액트 입문/07_예제/samples_ko/data/my-react/src/chap08/books.js","statementMap":{"0":{"start":{"line":1,"column":14},"end":{"line":58,"column":1}}},"fnMap":{},"branchMap":{},"s":{"0":0},"f":{},"b":{}}
,"/Users/gaheeyoon/Dropbox/YOONGAHEE/위키북스/99_리액트 입문/07_예제/samples_ko/data/my-react/src/chap08/routesBasic.js": {"path":"/Users/gaheeyoon/Dropbox/YOONGAHEE/위키북스/99_리액트 입문/07_예제/samples_ko/data/my-react/src/chap08/routesBasic.js","statementMap":{"0":{"start":{"line":9,"column":20},"end":{"line":13,"column":2}}},"fnMap":{},"branchMap":{},"s":{"0":0},"f":{},"b":{}}
,"/Users/gaheeyoon/Dropbox/YOONGAHEE/위키북스/99_리액트 입문/07_예제/samples_ko/data/my-react/src/chap08/routesHandle.js": {"path":"/Users/gaheeyoon/Dropbox/YOONGAHEE/위키북스/99_리액트 입문/07_예제/samples_ko/data/my-react/src/chap08/routesHandle.js","statementMap":{"0":{"start":{"line":7,"column":21},"end":{"line":22,"column":1}}},"fnMap":{},"branchMap":{},"s":{"0":0},"f":{},"b":{}}
,"/Users/gaheeyoon/Dropbox/YOONGAHEE/위키북스/99_리액트 입문/07_예제/samples_ko/data/my-react/src/chap08/routesLink.js": {"path":"/Users/gaheeyoon/Dropbox/YOONGAHEE/위키북스/99_리액트 입문/07_예제/samples_ko/data/my-react/src/chap08/routesLink.js","statementMap":{"0":{"start":{"line":7,"column":19},"end":{"line":17,"column":1}}},"fnMap":{},"branchMap":{},"s":{"0":0},"f":{},"b":{}}
,"/Users/gaheeyoon/Dropbox/YOONGAHEE/위키북스/99_리액트 입문/07_예제/samples_ko/data/my-react/src/chap08/routesMyLink.js": {"path":"/Users/gaheeyoon/Dropbox/YOONGAHEE/위키북스/99_리액트 입문/07_예제/samples_ko/data/my-react/src/chap08/routesMyLink.js","statementMap":{"0":{"start":{"line":7,"column":21},"end":{"line":15,"column":1}}},"fnMap":{},"branchMap":{},"s":{"0":0},"f":{},"b":{}}
,"/Users/gaheeyoon/Dropbox/YOONGAHEE/위키북스/99_리액트 입문/07_예제/samples_ko/data/my-react/src/chap08/routesParam.js": {"path":"/Users/gaheeyoon/Dropbox/YOONGAHEE/위키북스/99_리액트 입문/07_예제/samples_ko/data/my-react/src/chap08/routesParam.js","statementMap":{"0":{"start":{"line":680,"column":19},"end":{"line":703,"column":1}},"1":{"start":{"line":681,"column":15},"end":{"line":681,"column":39}},"2":{"start":{"line":683,"column":21},"end":{"line":687,"column":4}},"3":{"start":{"line":690,"column":2},"end":{"line":702,"column":3}},"4":{"start":{"line":691,"column":4},"end":{"line":697,"column":7}},"5":{"start":{"line":698,"column":4},"end":{"line":698,"column":22}},"6":{"start":{"line":699,"column":4},"end":{"line":699,"column":25}},"7":{"start":{"line":701,"column":4},"end":{"line":701,"column":20}},"8":{"start":{"line":705,"column":20},"end":{"line":731,"column":1}},"9":{"start":{"line":712,"column":33},"end":{"line":712,"column":59}},"10":{"start":{"line":713,"column":8},"end":{"line":713,"column":43}},"11":{"start":{"line":716,"column":38},"end":{"line":716,"column":64}},"12":{"start":{"line":717,"column":10},"end":{"line":717,"column":48}},"13":{"start":{"line":725,"column":20},"end":{"line":725,"column":47}}},"fnMap":{"0":{"name":"(anonymous_0)","decl":{"start":{"line":680,"column":19},"end":{"line":680,"column":20}},"loc":{"start":{"line":680,"column":42},"end":{"line":703,"column":1}},"line":680},"1":{"name":"(anonymous_1)","decl":{"start":{"line":711,"column":33},"end":{"line":711,"column":34}},"loc":{"start":{"line":711,"column":44},"end":{"line":714,"column":7}},"line":711},"2":{"name":"(anonymous_2)","decl":{"start":{"line":715,"column":34},"end":{"line":715,"column":35}},"loc":{"start":{"line":715,"column":45},"end":{"line":718,"column":9}},"line":715},"3":{"name":"(anonymous_3)","decl":{"start":{"line":725,"column":14},"end":{"line":725,"column":15}},"loc":{"start":{"line":725,"column":20},"end":{"line":725,"column":47}},"line":725}},"branchMap":{"0":{"loc":{"start":{"line":693,"column":13},"end":{"line":693,"column":35}},"type":"binary-expr","locations":[{"start":{"line":693,"column":13},"end":{"line":693,"column":30}},{"start":{"line":693,"column":34},"end":{"line":693,"column":35}}],"line":693},"1":{"loc":{"start":{"line":694,"column":26},"end":{"line":694,"column":61}},"type":"binary-expr","locations":[{"start":{"line":694,"column":26},"end":{"line":694,"column":47}},{"start":{"line":694,"column":51},"end":{"line":694,"column":61}}],"line":694}},"s":{"0":0,"1":0,"2":0,"3":0,"4":0,"5":0,"6":0,"7":0,"8":0,"9":0,"10":0,"11":0,"12":0,"13":0},"f":{"0":0,"1":0,"2":0,"3":0},"b":{"0":[0,0],"1":[0,0]}}
,"/Users/gaheeyoon/Dropbox/YOONGAHEE/위키북스/99_리액트 입문/07_예제/samples_ko/data/my-react/src/chap08/routesScroll.js": {"path":"/Users/gaheeyoon/Dropbox/YOONGAHEE/위키북스/99_리액트 입문/07_예제/samples_ko/data/my-react/src/chap08/routesScroll.js","statementMap":{"0":{"start":{"line":6,"column":21},"end":{"line":13,"column":1}}},"fnMap":{},"branchMap":{},"s":{"0":0},"f":{},"b":{}}
,"/Users/gaheeyoon/Dropbox/YOONGAHEE/위키북스/99_리액트 입문/07_예제/samples_ko/data/my-react/src/chap09/MyUtil.js": {"path":"/Users/gaheeyoon/Dropbox/YOONGAHEE/위키북스/99_리액트 입문/07_예제/samples_ko/data/my-react/src/chap09/MyUtil.js","statementMap":{"0":{"start":{"line":2,"column":2},"end":{"line":2,"column":27}}},"fnMap":{"0":{"name":"getTriangleArea","decl":{"start":{"line":1,"column":16},"end":{"line":1,"column":31}},"loc":{"start":{"line":1,"column":46},"end":{"line":3,"column":1}},"line":1}},"branchMap":{},"s":{"0":1},"f":{"0":1},"b":{},"_coverageSchema":"1a1c01bbd47fc00a2c39e90264f33305004495a9","hash":"dfa8311ec2bd1bd45a3b3db2b5cda7e2a34cc994"}
,"/Users/gaheeyoon/Dropbox/YOONGAHEE/위키북스/99_리액트 입문/07_예제/samples_ko/data/my-react/src/column/MyStore.js": {"path":"/Users/gaheeyoon/Dropbox/YOONGAHEE/위키북스/99_리액트 입문/07_예제/samples_ko/data/my-react/src/column/MyStore.js","statementMap":{"0":{"start":{"line":4,"column":15},"end":{"line":10,"column":3}},"1":{"start":{"line":6,"column":6},"end":{"line":6,"column":51}},"2":{"start":{"line":7,"column":6},"end":{"line":7,"column":67}},"3":{"start":{"line":7,"column":19},"end":{"line":7,"column":66}},"4":{"start":{"line":9,"column":10},"end":{"line":9,"column":42}},"5":{"start":{"line":11,"column":2},"end":{"line":13,"column":4}}},"fnMap":{"0":{"name":"MyStore","decl":{"start":{"line":3,"column":24},"end":{"line":3,"column":31}},"loc":{"start":{"line":3,"column":34},"end":{"line":14,"column":1}},"line":3},"1":{"name":"(anonymous_1)","decl":{"start":{"line":5,"column":4},"end":{"line":5,"column":5}},"loc":{"start":{"line":5,"column":16},"end":{"line":8,"column":5}},"line":5},"2":{"name":"(anonymous_2)","decl":{"start":{"line":7,"column":13},"end":{"line":7,"column":14}},"loc":{"start":{"line":7,"column":19},"end":{"line":7,"column":66}},"line":7},"3":{"name":"(anonymous_3)","decl":{"start":{"line":9,"column":4},"end":{"line":9,"column":5}},"loc":{"start":{"line":9,"column":10},"end":{"line":9,"column":42}},"line":9}},"branchMap":{},"s":{"0":0,"1":0,"2":0,"3":0,"4":0,"5":0},"f":{"0":0,"1":0,"2":0,"3":0},"b":{}}
,"/Users/gaheeyoon/Dropbox/YOONGAHEE/위키북스/99_리액트 입문/07_예제/samples_ko/data/my-react/src/store/atom.js": {"path":"/Users/gaheeyoon/Dropbox/YOONGAHEE/위키북스/99_리액트 입문/07_예제/samples_ko/data/my-react/src/store/atom.js","statementMap":{"0":{"start":{"line":3,"column":27},"end":{"line":6,"column":2}},"1":{"start":{"line":9,"column":24},"end":{"line":38,"column":2}},"2":{"start":{"line":40,"column":34},"end":{"line":47,"column":2}},"3":{"start":{"line":44,"column":17},"end":{"line":44,"column":30}},"4":{"start":{"line":45,"column":4},"end":{"line":45,"column":32}}},"fnMap":{"0":{"name":"(anonymous_0)","decl":{"start":{"line":42,"column":7},"end":{"line":42,"column":8}},"loc":{"start":{"line":42,"column":20},"end":{"line":46,"column":3}},"line":42}},"branchMap":{"0":{"loc":{"start":{"line":45,"column":11},"end":{"line":45,"column":31}},"type":"binary-expr","locations":[{"start":{"line":45,"column":11},"end":{"line":45,"column":26}},{"start":{"line":45,"column":30},"end":{"line":45,"column":31}}],"line":45}},"s":{"0":0,"1":0,"2":0,"3":0,"4":0},"f":{"0":0},"b":{"0":[0,0]}}
,"/Users/gaheeyoon/Dropbox/YOONGAHEE/위키북스/99_리액트 입문/07_예제/samples_ko/data/my-react/src/store/atomUp.js": {"path":"/Users/gaheeyoon/Dropbox/YOONGAHEE/위키북스/99_리액트 입문/07_예제/samples_ko/data/my-react/src/store/atomUp.js","statementMap":{"0":{"start":{"line":4,"column":23},"end":{"line":7,"column":2}},"1":{"start":{"line":10,"column":24},"end":{"line":13,"column":2}},"2":{"start":{"line":16,"column":32},"end":{"line":45,"column":2}},"3":{"start":{"line":20,"column":16},"end":{"line":20,"column":28}},"4":{"start":{"line":21,"column":4},"end":{"line":21,"column":44}},"5":{"start":{"line":21,"column":25},"end":{"line":21,"column":42}},"6":{"start":{"line":25,"column":4},"end":{"line":43,"column":5}},"7":{"start":{"line":28,"column":7},"end":{"line":28,"column":42}},"8":{"start":{"line":29,"column":7},"end":{"line":29,"column":49}},"9":{"start":{"line":29,"column":27},"end":{"line":29,"column":47}},"10":{"start":{"line":30,"column":7},"end":{"line":30,"column":13}},"11":{"start":{"line":33,"column":8},"end":{"line":33,"column":63}},"12":{"start":{"line":33,"column":35},"end":{"line":33,"column":60}},"13":{"start":{"line":34,"column":8},"end":{"line":34,"column":14}},"14":{"start":{"line":38,"column":8},"end":{"line":38,"column":28}},"15":{"start":{"line":39,"column":8},"end":{"line":39,"column":55}},"16":{"start":{"line":39,"column":28},"end":{"line":39,"column":53}},"17":{"start":{"line":39,"column":44},"end":{"line":39,"column":52}},"18":{"start":{"line":40,"column":8},"end":{"line":40,"column":14}},"19":{"start":{"line":42,"column":8},"end":{"line":42,"column":44}}},"fnMap":{"0":{"name":"(anonymous_0)","decl":{"start":{"line":19,"column":7},"end":{"line":19,"column":8}},"loc":{"start":{"line":19,"column":20},"end":{"line":22,"column":3}},"line":19},"1":{"name":"(anonymous_1)","decl":{"start":{"line":21,"column":19},"end":{"line":21,"column":20}},"loc":{"start":{"line":21,"column":25},"end":{"line":21,"column":42}},"line":21},"2":{"name":"(anonymous_2)","decl":{"start":{"line":24,"column":7},"end":{"line":24,"column":8}},"loc":{"start":{"line":24,"column":50},"end":{"line":44,"column":3}},"line":24},"3":{"name":"(anonymous_3)","decl":{"start":{"line":29,"column":20},"end":{"line":29,"column":21}},"loc":{"start":{"line":29,"column":27},"end":{"line":29,"column":47}},"line":29},"4":{"name":"(anonymous_4)","decl":{"start":{"line":33,"column":26},"end":{"line":33,"column":27}},"loc":{"start":{"line":33,"column":35},"end":{"line":33,"column":60}},"line":33},"5":{"name":"(anonymous_5)","decl":{"start":{"line":39,"column":21},"end":{"line":39,"column":22}},"loc":{"start":{"line":39,"column":28},"end":{"line":39,"column":53}},"line":39},"6":{"name":"(anonymous_6)","decl":{"start":{"line":39,"column":39},"end":{"line":39,"column":40}},"loc":{"start":{"line":39,"column":44},"end":{"line":39,"column":52}},"line":39}},"branchMap":{"0":{"loc":{"start":{"line":25,"column":4},"end":{"line":43,"column":5}},"type":"switch","locations":[{"start":{"line":27,"column":6},"end":{"line":30,"column":13}},{"start":{"line":32,"column":6},"end":{"line":34,"column":14}},{"start":{"line":37,"column":6},"end":{"line":40,"column":14}},{"start":{"line":41,"column":6},"end":{"line":42,"column":44}}],"line":25}},"s":{"0":0,"1":0,"2":0,"3":0,"4":0,"5":0,"6":0,"7":0,"8":0,"9":0,"10":0,"11":0,"12":0,"13":0,"14":0,"15":0,"16":0,"17":0,"18":0,"19":0},"f":{"0":0,"1":0,"2":0,"3":0,"4":0,"5":0,"6":0},"b":{"0":[0,0,0,0]}}
,"/Users/gaheeyoon/Dropbox/YOONGAHEE/위키북스/99_리액트 입문/07_예제/samples_ko/data/my-react/src/stories/Button.jsx": {"path":"/Users/gaheeyoon/Dropbox/YOONGAHEE/위키북스/99_리액트 입문/07_예제/samples_ko/data/my-react/src/stories/Button.jsx","statementMap":{"0":{"start":{"line":8,"column":22},"end":{"line":20,"column":1}},"1":{"start":{"line":9,"column":15},"end":{"line":9,"column":84}},"2":{"start":{"line":10,"column":2},"end":{"line":19,"column":4}},"3":{"start":{"line":22,"column":0},"end":{"line":43,"column":2}},"4":{"start":{"line":45,"column":0},"end":{"line":50,"column":2}}},"fnMap":{"0":{"name":"(anonymous_0)","decl":{"start":{"line":8,"column":22},"end":{"line":8,"column":23}},"loc":{"start":{"line":8,"column":79},"end":{"line":20,"column":1}},"line":8}},"branchMap":{"0":{"loc":{"start":{"line":9,"column":15},"end":{"line":9,"column":84}},"type":"cond-expr","locations":[{"start":{"line":9,"column":25},"end":{"line":9,"column":52}},{"start":{"line":9,"column":55},"end":{"line":9,"column":84}}],"line":9},"1":{"loc":{"start":{"line":14,"column":13},"end":{"line":14,"column":51}},"type":"binary-expr","locations":[{"start":{"line":14,"column":13},"end":{"line":14,"column":28}},{"start":{"line":14,"column":32},"end":{"line":14,"column":51}}],"line":14}},"s":{"0":0,"1":0,"2":0,"3":0,"4":0},"f":{"0":0},"b":{"0":[0,0],"1":[0,0]}}
,"/Users/gaheeyoon/Dropbox/YOONGAHEE/위키북스/99_리액트 입문/07_예제/samples_ko/data/my-react/src/stories/Button.stories.js": {"path":"/Users/gaheeyoon/Dropbox/YOONGAHEE/위키북스/99_리액트 입문/07_예제/samples_ko/data/my-react/src/stories/Button.stories.js","statementMap":{"0":{"start":{"line":23,"column":23},"end":{"line":28,"column":1}},"1":{"start":{"line":30,"column":25},"end":{"line":34,"column":1}},"2":{"start":{"line":36,"column":21},"end":{"line":41,"column":1}},"3":{"start":{"line":43,"column":21},"end":{"line":48,"column":1}}},"fnMap":{},"branchMap":{},"s":{"0":0,"1":0,"2":0,"3":0},"f":{},"b":{}}
,"/Users/gaheeyoon/Dropbox/YOONGAHEE/위키북스/99_리액트 입문/07_예제/samples_ko/data/my-react/src/stories/Header.jsx": {"path":"/Users/gaheeyoon/Dropbox/YOONGAHEE/위키북스/99_리액트 입문/07_예제/samples_ko/data/my-react/src/stories/Header.jsx","statementMap":{"0":{"start":{"line":7,"column":22},"end":{"line":46,"column":1}},"1":{"start":{"line":8,"column":2},"end":{"line":45,"column":11}},"2":{"start":{"line":48,"column":0},"end":{"line":55,"column":2}},"3":{"start":{"line":57,"column":0},"end":{"line":59,"column":2}}},"fnMap":{"0":{"name":"(anonymous_0)","decl":{"start":{"line":7,"column":22},"end":{"line":7,"column":23}},"loc":{"start":{"line":8,"column":2},"end":{"line":45,"column":11}},"line":8}},"branchMap":{"0":{"loc":{"start":{"line":30,"column":9},"end":{"line":42,"column":9}},"type":"cond-expr","locations":[{"start":{"line":31,"column":10},"end":{"line":36,"column":13}},{"start":{"line":38,"column":10},"end":{"line":41,"column":13}}],"line":30}},"s":{"0":0,"1":0,"2":0,"3":0},"f":{"0":0},"b":{"0":[0,0]}}
,"/Users/gaheeyoon/Dropbox/YOONGAHEE/위키북스/99_리액트 입문/07_예제/samples_ko/data/my-react/src/stories/Header.stories.js": {"path":"/Users/gaheeyoon/Dropbox/YOONGAHEE/위키북스/99_리액트 입문/07_예제/samples_ko/data/my-react/src/stories/Header.stories.js","statementMap":{"0":{"start":{"line":20,"column":24},"end":{"line":26,"column":1}},"1":{"start":{"line":28,"column":25},"end":{"line":28,"column":27}}},"fnMap":{},"branchMap":{},"s":{"0":0,"1":0},"f":{},"b":{}}
,"/Users/gaheeyoon/Dropbox/YOONGAHEE/위키북스/99_리액트 입문/07_예제/samples_ko/data/my-react/src/stories/Page.jsx": {"path":"/Users/gaheeyoon/Dropbox/YOONGAHEE/위키북스/99_리액트 입문/07_예제/samples_ko/data/my-react/src/stories/Page.jsx","statementMap":{"0":{"start":{"line":6,"column":20},"end":{"line":69,"column":1}},"1":{"start":{"line":7,"column":26},"end":{"line":7,"column":42}},"2":{"start":{"line":9,"column":2},"end":{"line":68,"column":4}},"3":{"start":{"line":13,"column":23},"end":{"line":13,"column":52}},"4":{"start":{"line":14,"column":24},"end":{"line":14,"column":42}},"5":{"start":{"line":15,"column":31},"end":{"line":15,"column":60}}},"fnMap":{"0":{"name":"(anonymous_0)","decl":{"start":{"line":6,"column":20},"end":{"line":6,"column":21}},"loc":{"start":{"line":6,"column":26},"end":{"line":69,"column":1}},"line":6},"1":{"name":"(anonymous_1)","decl":{"start":{"line":13,"column":17},"end":{"line":13,"column":18}},"loc":{"start":{"line":13,"column":23},"end":{"line":13,"column":52}},"line":13},"2":{"name":"(anonymous_2)","decl":{"start":{"line":14,"column":18},"end":{"line":14,"column":19}},"loc":{"start":{"line":14,"column":24},"end":{"line":14,"column":42}},"line":14},"3":{"name":"(anonymous_3)","decl":{"start":{"line":15,"column":25},"end":{"line":15,"column":26}},"loc":{"start":{"line":15,"column":31},"end":{"line":15,"column":60}},"line":15}},"branchMap":{},"s":{"0":0,"1":0,"2":0,"3":0,"4":0,"5":0},"f":{"0":0,"1":0,"2":0,"3":0},"b":{}}
,"/Users/gaheeyoon/Dropbox/YOONGAHEE/위키북스/99_리액트 입문/07_예제/samples_ko/data/my-react/src/stories/Page.stories.js": {"path":"/Users/gaheeyoon/Dropbox/YOONGAHEE/위키북스/99_리액트 입문/07_예제/samples_ko/data/my-react/src/stories/Page.stories.js","statementMap":{"0":{"start":{"line":14,"column":25},"end":{"line":14,"column":27}},"1":{"start":{"line":17,"column":24},"end":{"line":28,"column":1}},"2":{"start":{"line":19,"column":19},"end":{"line":19,"column":40}},"3":{"start":{"line":20,"column":24},"end":{"line":20,"column":71}},"4":{"start":{"line":21,"column":4},"end":{"line":21,"column":50}},"5":{"start":{"line":22,"column":4},"end":{"line":22,"column":39}},"6":{"start":{"line":23,"column":4},"end":{"line":23,"column":54}},"7":{"start":{"line":25,"column":25},"end":{"line":25,"column":73}},"8":{"start":{"line":26,"column":4},"end":{"line":26,"column":51}}},"fnMap":{"0":{"name":"(anonymous_0)","decl":{"start":{"line":18,"column":8},"end":{"line":18,"column":9}},"loc":{"start":{"line":18,"column":37},"end":{"line":27,"column":3}},"line":18}},"branchMap":{},"s":{"0":0,"1":0,"2":0,"3":0,"4":0,"5":0,"6":0,"7":0,"8":0},"f":{"0":0},"b":{}}
}
